#
# There is insufficient memory for the Java Runtime Environment to continue.
# Native memory allocation (mmap) failed to map 46661632 bytes for committing reserved memory.
# Possible reasons:
#   The system is out of physical RAM or swap space
#   The process is running with CompressedOops enabled, and the Java Heap may be blocking the growth of the native heap
# Possible solutions:
#   Reduce memory load on the system
#   Increase physical memory or swap space
#   Check if swap backing store is full
#   Decrease Java heap size (-Xmx/-Xms)
#   Decrease number of Java threads
#   Decrease Java thread stack sizes (-Xss)
#   Set larger code cache with -XX:ReservedCodeCacheSize=
#   JVM is running with Unscaled Compressed Oops mode in which the Java heap is
#     placed in the first 4GB address space. The Java Heap base address is the
#     maximum limit for the native heap growth. Please use -XX:HeapBaseMinAddress
#     to set the Java Heap base and to place the Java Heap above 4GB virtual address.
# This output file may be truncated or incomplete.
#
#  Out of Memory Error (os_linux.cpp:2749), pid=4240, tid=0x00007f28d5c1a700
#
# JRE version: Java(TM) SE Runtime Environment (8.0_211-b12) (build 1.8.0_211-b12)
# Java VM: Java HotSpot(TM) 64-Bit Server VM (25.211-b12 mixed mode linux-amd64 compressed oops)
# Failed to write core dump. Core dumps have been disabled. To enable core dumping, try "ulimit -c unlimited" before starting Java again
#

---------------  T H R E A D  ---------------

Current thread (0x00007f28e8075000):  VMThread [stack: 0x00007f28d5b1b000,0x00007f28d5c1b000] [id=4247]

Stack: [0x00007f28d5b1b000,0x00007f28d5c1b000],  sp=0x00007f28d5c193f0,  free space=1016k
Native frames: (J=compiled Java code, j=interpreted, Vv=VM code, C=native code)
V  [libjvm.so+0xad3455]  VMError::report_and_die()+0x2e5
V  [libjvm.so+0x4e0537]  report_vm_out_of_memory(char const*, int, unsigned long, VMErrorType, char const*)+0x67
V  [libjvm.so+0x910320]  os::pd_commit_memory(char*, unsigned long, unsigned long, bool)+0x100
V  [libjvm.so+0x90794f]  os::commit_memory(char*, unsigned long, unsigned long, bool)+0x1f
V  [libjvm.so+0x98c736]  PSVirtualSpace::expand_by(unsigned long)+0x56
V  [libjvm.so+0x98d9c8]  PSYoungGen::resize(unsigned long, unsigned long)+0xd8
V  [libjvm.so+0x98a166]  PSScavenge::invoke_no_policy()+0x1376
V  [libjvm.so+0x98a4fc]  PSScavenge::invoke()+0x4c
V  [libjvm.so+0x93a248]  ParallelScavengeHeap::failed_mem_allocate(unsigned long)+0x68
V  [libjvm.so+0xad4fa3]  VM_ParallelGCFailedAllocation::doit()+0x93
V  [libjvm.so+0xada1c6]  VM_Operation::evaluate()+0x46
V  [libjvm.so+0xad84fd]  VMThread::evaluate_operation(VM_Operation*) [clone .constprop.44]+0xcd
V  [libjvm.so+0xad8ae3]  VMThread::loop()+0x3a3
V  [libjvm.so+0xad8eb8]  VMThread::run()+0x78
V  [libjvm.so+0x90d952]  java_start(Thread*)+0x102

VM_Operation (0x00007f2898ffa6d0): ParallelGCFailedAllocation, mode: safepoint, requested by thread 0x00007f28e84f9000


---------------  P R O C E S S  ---------------

Java Threads: ( => current thread )
  0x00007f288c011000 JavaThread "TimerQueue" daemon [_thread_blocked, id=4260, stack(0x00007f289899d000,0x00007f2898a9e000)]
  0x00007f28e800b000 JavaThread "DestroyJavaVM" [_thread_blocked, id=4243, stack(0x00007f28ee5b5000,0x00007f28ee6b5000)]
  0x00007f28e84f9000 JavaThread "AWT-EventQueue-0" [_thread_blocked, id=4258, stack(0x00007f2898efe000,0x00007f2898fff000)]
  0x00007f28e84f8800 JavaThread "AWT-Shutdown" [_thread_blocked, id=4257, stack(0x00007f28a0096000,0x00007f28a0197000)]
  0x00007f28e824b000 JavaThread "AWT-XAWT" daemon [_thread_blocked, id=4256, stack(0x00007f28aed2c000,0x00007f28aee2d000)]
  0x00007f28e8230000 JavaThread "Java2D Disposer" daemon [_thread_blocked, id=4255, stack(0x00007f28af23d000,0x00007f28af33e000)]
  0x00007f28e80bb000 JavaThread "Service Thread" daemon [_thread_blocked, id=4253, stack(0x00007f28d5234000,0x00007f28d5335000)]
  0x00007f28e80b8800 JavaThread "C1 CompilerThread1" daemon [_thread_blocked, id=4252, stack(0x00007f28d5336000,0x00007f28d5436000)]
  0x00007f28e80b5800 JavaThread "C2 CompilerThread0" daemon [_thread_blocked, id=4251, stack(0x00007f28d5437000,0x00007f28d5537000)]
  0x00007f28e80b4000 JavaThread "Signal Dispatcher" daemon [_thread_blocked, id=4250, stack(0x00007f28d5537000,0x00007f28d5638000)]
  0x00007f28e8081800 JavaThread "Finalizer" daemon [_thread_blocked, id=4249, stack(0x00007f28d5918000,0x00007f28d5a19000)]
  0x00007f28e807f000 JavaThread "Reference Handler" daemon [_thread_blocked, id=4248, stack(0x00007f28d5a19000,0x00007f28d5b1a000)]

Other Threads:
=>0x00007f28e8075000 VMThread [stack: 0x00007f28d5b1b000,0x00007f28d5c1b000] [id=4247]
  0x00007f28e80be000 WatcherThread [stack: 0x00007f28d5134000,0x00007f28d5234000] [id=4254]

VM state:at safepoint (normal execution)

VM Mutex/Monitor currently owned by a thread:  ([mutex/lock_event])
[0x00007f28e8007a10] Threads_lock - owner thread: 0x00007f28e8075000
[0x00007f28e8007f10] Heap_lock - owner thread: 0x00007f28e84f9000

heap address: 0x00000000e3800000, size: 456 MB, Compressed Oops mode: 32-bit
Narrow klass base: 0x0000000000000000, Narrow klass shift: 3
Compressed class space size: 1073741824 Address: 0x0000000100000000

Heap:
 PSYoungGen      total 16896K, used 1020K [0x00000000f6800000, 0x00000000f7a00000, 0x0000000100000000)
  eden space 15872K, 0% used [0x00000000f6800000,0x00000000f6800000,0x00000000f7780000)
  from space 1024K, 99% used [0x00000000f7800000,0x00000000f78ff300,0x00000000f7900000)
  to   space 1024K, 0% used [0x00000000f7900000,0x00000000f7900000,0x00000000f7a00000)
 ParOldGen       total 33792K, used 32088K [0x00000000e3800000, 0x00000000e5900000, 0x00000000f6800000)
  object space 33792K, 94% used [0x00000000e3800000,0x00000000e5756010,0x00000000e5900000)
 Metaspace       used 16494K, capacity 16756K, committed 17024K, reserved 1064960K
  class space    used 1999K, capacity 2110K, committed 2176K, reserved 1048576K

Card table byte_map: [0x00007f28d80fd000,0x00007f28d81e2000] byte_map_base: 0x00007f28d79e1000

Marking Bits: (ParMarkBitMap*) 0x00007f28eda63d80
 Begin Bits: [0x00007f28d70bb000, 0x00007f28d77db000)
 End Bits:   [0x00007f28d77db000, 0x00007f28d7efb000)

Polling page: 0x00007f28ee6d3000

CodeCache: size=245760Kb used=7044Kb max_used=7069Kb free=238715Kb
 bounds [0x00007f28d85a2000, 0x00007f28d8c92000, 0x00007f28e75a2000]
 total_blobs=2719 nmethods=2120 adapters=512
 compilation: enabled

Compilation events (10 events):
Event: 48,579 Thread 0x00007f28e80b5800 nmethod 2116 0x00007f28d8c7ad50 code [0x00007f28d8c7af20, 0x00007f28d8c7b488]
Event: 48,579 Thread 0x00007f28e80b5800 2117       4       javax.swing.GroupLayout$ParallelGroup::operator (6 bytes)
Event: 48,580 Thread 0x00007f28e80b5800 nmethod 2117 0x00007f28d8c65310 code [0x00007f28d8c65460, 0x00007f28d8c654b8]
Event: 48,642 Thread 0x00007f28e80b8800 2132       3       sun.awt.X11.XNETProtocol::active (19 bytes)
Event: 48,642 Thread 0x00007f28e80b8800 nmethod 2132 0x00007f28d8c7e710 code [0x00007f28d8c7e880, 0x00007f28d8c7eb08]
Event: 48,643 Thread 0x00007f28e80b8800 2133       3       java.lang.Long::equals (30 bytes)
Event: 48,643 Thread 0x00007f28e80b8800 nmethod 2133 0x00007f28d8c7dfd0 code [0x00007f28d8c7e160, 0x00007f28d8c7e610]
Event: 48,786 Thread 0x00007f28e80b5800 2134       4       java.lang.Long::valueOf (36 bytes)
Event: 48,789 Thread 0x00007f28e80b5800 nmethod 2134 0x00007f28d8c7c7d0 code [0x00007f28d8c7c920, 0x00007f28d8c7ca18]
Event: 48,795 Thread 0x00007f28e80b8800 2135       1       sun.awt.X11.XWindow::isEmbedded (5 bytes)

GC Heap History (10 events):
Event: 3,823 GC heap after
Heap after GC invocations=1 (full 0):
 PSYoungGen      total 9216K, used 1010K [0x00000000f6800000, 0x00000000f7200000, 0x0000000100000000)
  eden space 8192K, 0% used [0x00000000f6800000,0x00000000f6800000,0x00000000f7000000)
  from space 1024K, 98% used [0x00000000f7000000,0x00000000f70fc820,0x00000000f7100000)
  to   space 1024K, 0% used [0x00000000f7100000,0x00000000f7100000,0x00000000f7200000)
 ParOldGen       total 20480K, used 1790K [0x00000000e3800000, 0x00000000e4c00000, 0x00000000f6800000)
  object space 20480K, 8% used [0x00000000e3800000,0x00000000e39bf9a0,0x00000000e4c00000)
 Metaspace       used 12527K, capacity 12672K, committed 12928K, reserved 1060864K
  class space    used 1575K, capacity 1652K, committed 1664K, reserved 1048576K
}
Event: 37,083 GC heap before
{Heap before GC invocations=2 (full 0):
 PSYoungGen      total 9216K, used 7163K [0x00000000f6800000, 0x00000000f7200000, 0x0000000100000000)
  eden space 8192K, 75% used [0x00000000f6800000,0x00000000f6e024b0,0x00000000f7000000)
  from space 1024K, 98% used [0x00000000f7000000,0x00000000f70fc820,0x00000000f7100000)
  to   space 1024K, 0% used [0x00000000f7100000,0x00000000f7100000,0x00000000f7200000)
 ParOldGen       total 20480K, used 1790K [0x00000000e3800000, 0x00000000e4c00000, 0x00000000f6800000)
  object space 20480K, 8% used [0x00000000e3800000,0x00000000e39bf9a0,0x00000000e4c00000)
 Metaspace       used 16165K, capacity 16404K, committed 16768K, reserved 1064960K
  class space    used 1977K, capacity 2078K, committed 2176K, reserved 1048576K
Event: 37,097 GC heap after
Heap after GC invocations=2 (full 0):
 PSYoungGen      total 9216K, used 1024K [0x00000000f6800000, 0x00000000f7200000, 0x0000000100000000)
  eden space 8192K, 0% used [0x00000000f6800000,0x00000000f6800000,0x00000000f7000000)
  from space 1024K, 100% used [0x00000000f7100000,0x00000000f7200000,0x00000000f7200000)
  to   space 1024K, 0% used [0x00000000f7000000,0x00000000f7000000,0x00000000f7100000)
 ParOldGen       total 20480K, used 3147K [0x00000000e3800000, 0x00000000e4c00000, 0x00000000f6800000)
  object space 20480K, 15% used [0x00000000e3800000,0x00000000e3b12e70,0x00000000e4c00000)
 Metaspace       used 16165K, capacity 16404K, committed 16768K, reserved 1064960K
  class space    used 1977K, capacity 2078K, committed 2176K, reserved 1048576K
}
Event: 37,513 GC heap before
{Heap before GC invocations=3 (full 0):
 PSYoungGen      total 9216K, used 9109K [0x00000000f6800000, 0x00000000f7200000, 0x0000000100000000)
  eden space 8192K, 98% used [0x00000000f6800000,0x00000000f6fe5478,0x00000000f7000000)
  from space 1024K, 100% used [0x00000000f7100000,0x00000000f7200000,0x00000000f7200000)
  to   space 1024K, 0% used [0x00000000f7000000,0x00000000f7000000,0x00000000f7100000)
 ParOldGen       total 20480K, used 3147K [0x00000000e3800000, 0x00000000e4c00000, 0x00000000f6800000)
  object space 20480K, 15% used [0x00000000e3800000,0x00000000e3b12e70,0x00000000e4c00000)
 Metaspace       used 16204K, capacity 16404K, committed 16768K, reserved 1064960K
  class space    used 1982K, capacity 2078K, committed 2176K, reserved 1048576K
Event: 37,539 GC heap after
Heap after GC invocations=3 (full 0):
 PSYoungGen      total 9216K, used 1023K [0x00000000f6800000, 0x00000000f7a00000, 0x0000000100000000)
  eden space 8192K, 0% used [0x00000000f6800000,0x00000000f6800000,0x00000000f7000000)
  from space 1024K, 99% used [0x00000000f7000000,0x00000000f70ffef0,0x00000000f7100000)
  to   space 1024K, 0% used [0x00000000f7900000,0x00000000f7900000,0x00000000f7a00000)
 ParOldGen       total 20480K, used 13436K [0x00000000e3800000, 0x00000000e4c00000, 0x00000000f6800000)
  object space 20480K, 65% used [0x00000000e3800000,0x00000000e451f000,0x00000000e4c00000)
 Metaspace       used 16204K, capacity 16404K, committed 16768K, reserved 1064960K
  class space    used 1982K, capacity 2078K, committed 2176K, reserved 1048576K
}
Event: 37,539 GC heap before
{Heap before GC invocations=4 (full 1):
 PSYoungGen      total 9216K, used 1023K [0x00000000f6800000, 0x00000000f7a00000, 0x0000000100000000)
  eden space 8192K, 0% used [0x00000000f6800000,0x00000000f6800000,0x00000000f7000000)
  from space 1024K, 99% used [0x00000000f7000000,0x00000000f70ffef0,0x00000000f7100000)
  to   space 1024K, 0% used [0x00000000f7900000,0x00000000f7900000,0x00000000f7a00000)
 ParOldGen       total 20480K, used 13436K [0x00000000e3800000, 0x00000000e4c00000, 0x00000000f6800000)
  object space 20480K, 65% used [0x00000000e3800000,0x00000000e451f000,0x00000000e4c00000)
 Metaspace       used 16204K, capacity 16404K, committed 16768K, reserved 1064960K
  class space    used 1982K, capacity 2078K, committed 2176K, reserved 1048576K
Event: 37,578 GC heap after
Heap after GC invocations=4 (full 1):
 PSYoungGen      total 9216K, used 0K [0x00000000f6800000, 0x00000000f7a00000, 0x0000000100000000)
  eden space 8192K, 0% used [0x00000000f6800000,0x00000000f6800000,0x00000000f7000000)
  from space 1024K, 0% used [0x00000000f7000000,0x00000000f7000000,0x00000000f7100000)
  to   space 1024K, 0% used [0x00000000f7900000,0x00000000f7900000,0x00000000f7a00000)
 ParOldGen       total 31232K, used 12019K [0x00000000e3800000, 0x00000000e5680000, 0x00000000f6800000)
  object space 31232K, 38% used [0x00000000e3800000,0x00000000e43bcc18,0x00000000e5680000)
 Metaspace       used 16204K, capacity 16404K, committed 16768K, reserved 1064960K
  class space    used 1982K, capacity 2078K, committed 2176K, reserved 1048576K
}
Event: 47,628 GC heap before
{Heap before GC invocations=5 (full 1):
 PSYoungGen      total 9216K, used 7343K [0x00000000f6800000, 0x00000000f7a00000, 0x0000000100000000)
  eden space 8192K, 89% used [0x00000000f6800000,0x00000000f6f2bcd8,0x00000000f7000000)
  from space 1024K, 0% used [0x00000000f7000000,0x00000000f7000000,0x00000000f7100000)
  to   space 1024K, 0% used [0x00000000f7900000,0x00000000f7900000,0x00000000f7a00000)
 ParOldGen       total 31232K, used 12019K [0x00000000e3800000, 0x00000000e5680000, 0x00000000f6800000)
  object space 31232K, 38% used [0x00000000e3800000,0x00000000e43bcc18,0x00000000e5680000)
 Metaspace       used 16336K, capacity 16532K, committed 16768K, reserved 1064960K
  class space    used 1988K, capacity 2078K, committed 2176K, reserved 1048576K
Event: 47,637 GC heap after
Heap after GC invocations=5 (full 1):
 PSYoungGen      total 16896K, used 996K [0x00000000f6800000, 0x00000000f7a00000, 0x0000000100000000)
  eden space 15872K, 0% used [0x00000000f6800000,0x00000000f6800000,0x00000000f7780000)
  from space 1024K, 97% used [0x00000000f7900000,0x00000000f79f9378,0x00000000f7a00000)
  to   space 1024K, 0% used [0x00000000f7800000,0x00000000f7800000,0x00000000f7900000)
 ParOldGen       total 31232K, used 18937K [0x00000000e3800000, 0x00000000e5680000, 0x00000000f6800000)
  object space 31232K, 60% used [0x00000000e3800000,0x00000000e4a7e630,0x00000000e5680000)
 Metaspace       used 16336K, capacity 16532K, committed 16768K, reserved 1064960K
  class space    used 1988K, capacity 2078K, committed 2176K, reserved 1048576K
}
Event: 48,795 GC heap before
{Heap before GC invocations=6 (full 1):
 PSYoungGen      total 16896K, used 14809K [0x00000000f6800000, 0x00000000f7a00000, 0x0000000100000000)
  eden space 15872K, 87% used [0x00000000f6800000,0x00000000f757d2f0,0x00000000f7780000)
  from space 1024K, 97% used [0x00000000f7900000,0x00000000f79f9378,0x00000000f7a00000)
  to   space 1024K, 0% used [0x00000000f7800000,0x00000000f7800000,0x00000000f7900000)
 ParOldGen       total 31232K, used 18937K [0x00000000e3800000, 0x00000000e5680000, 0x00000000f6800000)
  object space 31232K, 60% used [0x00000000e3800000,0x00000000e4a7e630,0x00000000e5680000)
 Metaspace       used 16494K, capacity 16756K, committed 17024K, reserved 1064960K
  class space    used 1999K, capacity 2110K, committed 2176K, reserved 1048576K

Deoptimization events (10 events):
Event: 4,702 Thread 0x00007f28e84f9000 Uncommon trap: reason=null_check action=make_not_entrant pc=0x00007f28d886e538 method=java.awt.Component.isLightweight()Z @ 4
Event: 4,705 Thread 0x00007f28e84f9000 Uncommon trap: reason=unstable_if action=reinterpret pc=0x00007f28d8874c04 method=sun.awt.SunToolkit.isInstanceOf(Ljava/lang/Class;Ljava/lang/String;)Z @ 14
Event: 5,065 Thread 0x00007f28e84f9000 Uncommon trap: reason=unstable_if action=reinterpret pc=0x00007f28d882d3a8 method=sun.awt.SunToolkit.getAppContext(Ljava/lang/Object;)Lsun/awt/AppContext; @ 4
Event: 5,072 Thread 0x00007f28e84f9000 Uncommon trap: reason=unstable_if action=reinterpret pc=0x00007f28d889e420 method=javax.swing.JComponent.getClientProperty(Ljava/lang/Object;)Ljava/lang/Object; @ 16
Event: 30,510 Thread 0x00007f28e84f9000 Uncommon trap: reason=unstable_if action=reinterpret pc=0x00007f28d8ab13c0 method=java.lang.Long.valueOf(J)Ljava/lang/Long; @ 5
Event: 30,511 Thread 0x00007f28e84f9000 Uncommon trap: reason=unstable_if action=reinterpret pc=0x00007f28d8839e7c method=java.lang.String.<init>([CII)V @ 18
Event: 35,575 Thread 0x00007f28e84f9000 Uncommon trap: reason=bimorphic action=maybe_recompile pc=0x00007f28d88a0600 method=java.util.HashMap.putVal(ILjava/lang/Object;Ljava/lang/Object;ZZ)Ljava/lang/Object; @ 253
Event: 35,581 Thread 0x00007f28e84f9000 Uncommon trap: reason=bimorphic action=maybe_recompile pc=0x00007f28d88a0600 method=java.util.HashMap.putVal(ILjava/lang/Object;Ljava/lang/Object;ZZ)Ljava/lang/Object; @ 253
Event: 35,585 Thread 0x00007f28e84f9000 Uncommon trap: reason=bimorphic action=maybe_recompile pc=0x00007f28d88a0600 method=java.util.HashMap.putVal(ILjava/lang/Object;Ljava/lang/Object;ZZ)Ljava/lang/Object; @ 253
Event: 35,587 Thread 0x00007f28e84f9000 Uncommon trap: reason=bimorphic action=maybe_recompile pc=0x00007f28d88a0600 method=java.util.HashMap.putVal(ILjava/lang/Object;Ljava/lang/Object;ZZ)Ljava/lang/Object; @ 253

Classes redefined (0 events):
No events

Internal exceptions (10 events):
Event: 5,163 Thread 0x00007f28e84f9000 Exception <a 'java/lang/UnsupportedOperationException': > (0x00000000f69d89b0) thrown at [/HUDSON/workspace/8-2-build-linux-amd64/jdk8u211/12973/hotspot/src/share/vm/prims/jni.cpp, line 736]
Event: 16,621 Thread 0x00007f28e84f9000 Exception <a 'sun/nio/fs/UnixException'> (0x00000000f6a91da8) thrown at [/HUDSON/workspace/8-2-build-linux-amd64/jdk8u211/12973/hotspot/src/share/vm/prims/jni.cpp, line 710]
Event: 17,403 Thread 0x00007f28e84f9000 Exception <a 'java/lang/UnsupportedOperationException': > (0x00000000f6acf668) thrown at [/HUDSON/workspace/8-2-build-linux-amd64/jdk8u211/12973/hotspot/src/share/vm/prims/jni.cpp, line 736]
Event: 18,432 Thread 0x00007f28e84f9000 Exception <a 'java/io/FileNotFoundException'> (0x00000000f6af9f38) thrown at [/HUDSON/workspace/8-2-build-linux-amd64/jdk8u211/12973/hotspot/src/share/vm/prims/jni.cpp, line 710]
Event: 18,432 Thread 0x00007f28e84f9000 Exception <a 'sun/nio/fs/UnixException'> (0x00000000f6afa648) thrown at [/HUDSON/workspace/8-2-build-linux-amd64/jdk8u211/12973/hotspot/src/share/vm/prims/jni.cpp, line 710]
Event: 18,496 Thread 0x00007f28e84f9000 Exception <a 'java/lang/UnsupportedOperationException': > (0x00000000f6b1bde0) thrown at [/HUDSON/workspace/8-2-build-linux-amd64/jdk8u211/12973/hotspot/src/share/vm/prims/jni.cpp, line 736]
Event: 23,537 Thread 0x00007f28e84f9000 Exception <a 'java/lang/UnsupportedOperationException': > (0x00000000f6c02370) thrown at [/HUDSON/workspace/8-2-build-linux-amd64/jdk8u211/12973/hotspot/src/share/vm/prims/jni.cpp, line 736]
Event: 30,444 Thread 0x00007f28e84f9000 Exception <a 'sun/nio/fs/UnixException'> (0x00000000f6c7a3a8) thrown at [/HUDSON/workspace/8-2-build-linux-amd64/jdk8u211/12973/hotspot/src/share/vm/prims/jni.cpp, line 710]
Event: 30,584 Thread 0x00007f28e84f9000 Exception <a 'java/lang/UnsupportedOperationException': > (0x00000000f6cc1d68) thrown at [/HUDSON/workspace/8-2-build-linux-amd64/jdk8u211/12973/hotspot/src/share/vm/prims/jni.cpp, line 736]
Event: 37,640 Thread 0x00007f28e84f9000 Exception <a 'java/lang/UnsupportedOperationException': > (0x00000000f69847e8) thrown at [/HUDSON/workspace/8-2-build-linux-amd64/jdk8u211/12973/hotspot/src/share/vm/prims/jni.cpp, line 736]

Events (10 events):
Event: 47,824 loading class sun/awt/geom/Edge done
Event: 47,824 loading class java/awt/geom/Path2D$Double$CopyIterator
Event: 47,825 loading class java/awt/geom/Path2D$Double$CopyIterator done
Event: 47,825 loading class sun/awt/geom/AreaOp$IntOp
Event: 47,825 loading class sun/awt/geom/AreaOp$CAGOp
Event: 47,825 loading class sun/awt/geom/AreaOp$CAGOp done
Event: 47,825 loading class sun/awt/geom/AreaOp$IntOp done
Event: 47,825 loading class java/awt/geom/AreaIterator
Event: 47,825 loading class java/awt/geom/AreaIterator done
Event: 48,795 Executing VM operation: ParallelGCFailedAllocation


Dynamic libraries:
00400000-00401000 r-xp 00000000 08:04 669962                             /usr/local/java/jdk1.8.0_211/jre/bin/java
00600000-00601000 r--p 00000000 08:04 669962                             /usr/local/java/jdk1.8.0_211/jre/bin/java
00601000-00602000 rw-p 00001000 08:04 669962                             /usr/local/java/jdk1.8.0_211/jre/bin/java
02460000-02481000 rw-p 00000000 00:00 0                                  [heap]
e3800000-e5900000 rw-p 00000000 00:00 0 
e5900000-f6800000 ---p 00000000 00:00 0 
f6800000-f7a00000 rw-p 00000000 00:00 0 
fa680000-100000000 ---p 00000000 00:00 0 
100000000-100220000 rw-p 00000000 00:00 0 
100220000-140000000 ---p 00000000 00:00 0 
7f28895b8000-7f28898fc000 rw-s 00000000 00:05 364576783                  /SYSV00000000 (deleted)
7f28898fc000-7f288b8fc000 rw-s 00000000 00:05 363692044                  /SYSV00000000 (deleted)
7f288b978000-7f288c000000 rw-p 00000000 00:00 0 
7f288c000000-7f288cbda000 rw-p 00000000 00:00 0 
7f288cbda000-7f2890000000 ---p 00000000 00:00 0 
7f28902bb000-7f2890434000 r-xp 00000000 08:04 11141767                   /usr/lib/x86_64-linux-gnu/libstdc++.so.6.0.25
7f2890434000-7f2890634000 ---p 00179000 08:04 11141767                   /usr/lib/x86_64-linux-gnu/libstdc++.so.6.0.25
7f2890634000-7f289063e000 r--p 00179000 08:04 11141767                   /usr/lib/x86_64-linux-gnu/libstdc++.so.6.0.25
7f289063e000-7f2890640000 rw-p 00183000 08:04 11141767                   /usr/lib/x86_64-linux-gnu/libstdc++.so.6.0.25
7f2890640000-7f2890644000 rw-p 00000000 00:00 0 
7f2890644000-7f2891fec000 r-xp 00000000 08:04 11149326                   /usr/lib/x86_64-linux-gnu/libicudata.so.60.2
7f2891fec000-7f28921eb000 ---p 019a8000 08:04 11149326                   /usr/lib/x86_64-linux-gnu/libicudata.so.60.2
7f28921eb000-7f28921ec000 r--p 019a7000 08:04 11149326                   /usr/lib/x86_64-linux-gnu/libicudata.so.60.2
7f28921ec000-7f28921ed000 rw-p 019a8000 08:04 11149326                   /usr/lib/x86_64-linux-gnu/libicudata.so.60.2
7f28921ed000-7f2892211000 r-xp 00000000 08:04 4461227                    /lib/x86_64-linux-gnu/liblzma.so.5.2.2
7f2892211000-7f2892411000 ---p 00024000 08:04 4461227                    /lib/x86_64-linux-gnu/liblzma.so.5.2.2
7f2892411000-7f2892412000 r--p 00024000 08:04 4461227                    /lib/x86_64-linux-gnu/liblzma.so.5.2.2
7f2892412000-7f2892413000 rw-p 00025000 08:04 4461227                    /lib/x86_64-linux-gnu/liblzma.so.5.2.2
7f2892413000-7f28925b6000 r-xp 00000000 08:04 11149336                   /usr/lib/x86_64-linux-gnu/libicuuc.so.60.2
7f28925b6000-7f28927b5000 ---p 001a3000 08:04 11149336                   /usr/lib/x86_64-linux-gnu/libicuuc.so.60.2
7f28927b5000-7f28927c8000 r--p 001a2000 08:04 11149336                   /usr/lib/x86_64-linux-gnu/libicuuc.so.60.2
7f28927c8000-7f28927c9000 rw-p 001b5000 08:04 11149336                   /usr/lib/x86_64-linux-gnu/libicuuc.so.60.2
7f28927c9000-7f28927ca000 rw-p 00000000 00:00 0 
7f28927ca000-7f2892980000 r-xp 00000000 08:04 11150010                   /usr/lib/x86_64-linux-gnu/libxml2.so.2.9.4
7f2892980000-7f2892b80000 ---p 001b6000 08:04 11150010                   /usr/lib/x86_64-linux-gnu/libxml2.so.2.9.4
7f2892b80000-7f2892b88000 r--p 001b6000 08:04 11150010                   /usr/lib/x86_64-linux-gnu/libxml2.so.2.9.4
7f2892b88000-7f2892b8a000 rw-p 001be000 08:04 11150010                   /usr/lib/x86_64-linux-gnu/libxml2.so.2.9.4
7f2892b8a000-7f2892b8b000 rw-p 00000000 00:00 0 
7f2892b8b000-7f2892bc2000 r-xp 00000000 08:04 11148897                   /usr/lib/x86_64-linux-gnu/libcroco-0.6.so.3.0.1
7f2892bc2000-7f2892dc2000 ---p 00037000 08:04 11148897                   /usr/lib/x86_64-linux-gnu/libcroco-0.6.so.3.0.1
7f2892dc2000-7f2892dc5000 r--p 00037000 08:04 11148897                   /usr/lib/x86_64-linux-gnu/libcroco-0.6.so.3.0.1
7f2892dc5000-7f2892dc6000 rw-p 0003a000 08:04 11148897                   /usr/lib/x86_64-linux-gnu/libcroco-0.6.so.3.0.1
7f2892dc6000-7f2892dfc000 r-xp 00000000 08:04 11149692                   /usr/lib/x86_64-linux-gnu/librsvg-2.so.2.40.20
7f2892dfc000-7f2892ffc000 ---p 00036000 08:04 11149692                   /usr/lib/x86_64-linux-gnu/librsvg-2.so.2.40.20
7f2892ffc000-7f2892ffd000 r--p 00036000 08:04 11149692                   /usr/lib/x86_64-linux-gnu/librsvg-2.so.2.40.20
7f2892ffd000-7f2892ffe000 rw-p 00037000 08:04 11149692                   /usr/lib/x86_64-linux-gnu/librsvg-2.so.2.40.20
7f2892ffe000-7f2892fff000 ---p 00000000 00:00 0 
7f2892fff000-7f28937ff000 rw-p 00000000 00:00 0 
7f28937ff000-7f2893800000 ---p 00000000 00:00 0 
7f2893800000-7f2894000000 rw-p 00000000 00:00 0 
7f2894000000-7f2894021000 rw-p 00000000 00:00 0 
7f2894021000-7f2898000000 ---p 00000000 00:00 0 
7f2898020000-7f28980a0000 rw-p 00000000 00:00 0 
7f28980a0000-7f2898220000 ---p 00000000 00:00 0 
7f2898220000-7f2898222000 r-xp 00000000 08:04 11534663                   /usr/lib/x86_64-linux-gnu/gdk-pixbuf-2.0/2.10.0/loaders/libpixbufloader-svg.so
7f2898222000-7f2898421000 ---p 00002000 08:04 11534663                   /usr/lib/x86_64-linux-gnu/gdk-pixbuf-2.0/2.10.0/loaders/libpixbufloader-svg.so
7f2898421000-7f2898422000 r--p 00001000 08:04 11534663                   /usr/lib/x86_64-linux-gnu/gdk-pixbuf-2.0/2.10.0/loaders/libpixbufloader-svg.so
7f2898422000-7f2898423000 rw-p 00002000 08:04 11534663                   /usr/lib/x86_64-linux-gnu/gdk-pixbuf-2.0/2.10.0/loaders/libpixbufloader-svg.so
7f2898423000-7f2898438000 r--p 00000000 08:04 11801233                   /usr/share/locale-langpack/pt/LC_MESSAGES/glib20.mo
7f2898438000-7f289846e000 r-xp 00000000 08:04 11406648                   /usr/lib/x86_64-linux-gnu/gvfs/libgvfscommon.so
7f289846e000-7f289866e000 ---p 00036000 08:04 11406648                   /usr/lib/x86_64-linux-gnu/gvfs/libgvfscommon.so
7f289866e000-7f2898674000 r--p 00036000 08:04 11406648                   /usr/lib/x86_64-linux-gnu/gvfs/libgvfscommon.so
7f2898674000-7f2898675000 rw-p 0003c000 08:04 11406648                   /usr/lib/x86_64-linux-gnu/gvfs/libgvfscommon.so
7f2898675000-7f28986a6000 r-xp 00000000 08:04 11536074                   /usr/lib/x86_64-linux-gnu/gio/modules/libgvfsdbus.so
7f28986a6000-7f28988a6000 ---p 00031000 08:04 11536074                   /usr/lib/x86_64-linux-gnu/gio/modules/libgvfsdbus.so
7f28988a6000-7f28988a8000 r--p 00031000 08:04 11536074                   /usr/lib/x86_64-linux-gnu/gio/modules/libgvfsdbus.so
7f28988a8000-7f28988a9000 rw-p 00033000 08:04 11536074                   /usr/lib/x86_64-linux-gnu/gio/modules/libgvfsdbus.so
7f28988a9000-7f28988b2000 r--p 00000000 08:04 12195155                   /usr/share/icons/Adwaita/icon-theme.cache
7f28988b2000-7f28988bb000 r--p 00000000 08:04 12195155                   /usr/share/icons/Adwaita/icon-theme.cache
7f28988bb000-7f28988c5000 r--p 00000000 08:04 12618785                   /usr/share/icons/hicolor/icon-theme.cache
7f28988c5000-7f28988e1000 r--p 00000000 08:04 12582931                   /usr/share/icons/gnome/icon-theme.cache
7f28988e1000-7f28988fd000 r--p 00000000 08:04 12582931                   /usr/share/icons/gnome/icon-theme.cache
7f28988fd000-7f289897d000 r--p 00000000 08:04 8545724                    /home/diego/.local/share/icons/korla-light/icon-theme.cache
7f289897d000-7f289899d000 r--p 00000000 08:04 11801375                   /usr/share/locale-langpack/pt_BR/LC_MESSAGES/glib20.mo
7f289899d000-7f28989a0000 ---p 00000000 00:00 0 
7f28989a0000-7f2898a9e000 rw-p 00000000 00:00 0 
7f2898a9e000-7f2898afe000 rw-s 00000000 00:05 363200530                  /SYSV00000000 (deleted)
7f2898afe000-7f2898cfe000 rw-p 00000000 00:00 0 
7f2898cfe000-7f2898efe000 rw-p 00000000 00:00 0 
7f2898efe000-7f2898f01000 ---p 00000000 00:00 0 
7f2898f01000-7f289c000000 rw-p 00000000 00:00 0 
7f289c000000-7f289c031000 rw-p 00000000 00:00 0 
7f289c031000-7f28a0000000 ---p 00000000 00:00 0 
7f28a0002000-7f28a000c000 r--p 00000000 08:04 12618785                   /usr/share/icons/hicolor/icon-theme.cache
7f28a0096000-7f28a0099000 ---p 00000000 00:00 0 
7f28a0099000-7f28a0197000 rw-p 00000000 00:00 0 
7f28a0197000-7f28a0203000 r-xp 00000000 08:04 669899                     /usr/local/java/jdk1.8.0_211/jre/lib/amd64/libt2k.so
7f28a0203000-7f28a0403000 ---p 0006c000 08:04 669899                     /usr/local/java/jdk1.8.0_211/jre/lib/amd64/libt2k.so
7f28a0403000-7f28a0409000 r--p 0006c000 08:04 669899                     /usr/local/java/jdk1.8.0_211/jre/lib/amd64/libt2k.so
7f28a0409000-7f28a040a000 rw-p 00072000 08:04 669899                     /usr/local/java/jdk1.8.0_211/jre/lib/amd64/libt2k.so
7f28a040a000-7f28a060a000 rw-p 00000000 00:00 0 
7f28a060a000-7f28a0610000 r--p 00000000 08:04 11801371                   /usr/share/locale-langpack/pt_BR/LC_MESSAGES/gdk-pixbuf.mo
7f28a0610000-7f28a0615000 r-xp 00000000 08:04 11534660                   /usr/lib/x86_64-linux-gnu/gdk-pixbuf-2.0/2.10.0/loaders/libpixbufloader-png.so
7f28a0615000-7f28a0814000 ---p 00005000 08:04 11534660                   /usr/lib/x86_64-linux-gnu/gdk-pixbuf-2.0/2.10.0/loaders/libpixbufloader-png.so
7f28a0814000-7f28a0815000 r--p 00004000 08:04 11534660                   /usr/lib/x86_64-linux-gnu/gdk-pixbuf-2.0/2.10.0/loaders/libpixbufloader-png.so
7f28a0815000-7f28a0816000 rw-p 00005000 08:04 11534660                   /usr/lib/x86_64-linux-gnu/gdk-pixbuf-2.0/2.10.0/loaders/libpixbufloader-png.so
7f28a0816000-7f28a083a000 r--s 00000000 08:04 11674363                   /usr/share/mime/mime.cache
7f28a083a000-7f28a085e000 r--s 00000000 08:04 11674363                   /usr/share/mime/mime.cache
7f28a085e000-7f28a0871000 r--s 00345000 08:04 11535983                   /usr/local/java/jdk1.8.0_211/jre/lib/resources.jar
7f28a0871000-7f28a0872000 r-xp 00000000 08:04 11534703                   /usr/lib/x86_64-linux-gnu/gtk-2.0/2.10.0/immodules/im-cedilla.so
7f28a0872000-7f28a0a71000 ---p 00001000 08:04 11534703                   /usr/lib/x86_64-linux-gnu/gtk-2.0/2.10.0/immodules/im-cedilla.so
7f28a0a71000-7f28a0a72000 r--p 00000000 08:04 11534703                   /usr/lib/x86_64-linux-gnu/gtk-2.0/2.10.0/immodules/im-cedilla.so
7f28a0a72000-7f28a0a73000 rw-p 00001000 08:04 11534703                   /usr/lib/x86_64-linux-gnu/gtk-2.0/2.10.0/immodules/im-cedilla.so
7f28a0a73000-7f28a0ac7000 r--p 00000000 08:04 12192944                   /usr/share/fonts/truetype/dejavu/DejaVuSansMono.ttf
7f28a0ac7000-7f28a0b37000 r--p 00000000 08:04 12193075                   /usr/share/fonts/truetype/noto/NotoSans-Regular.ttf
7f28a0b37000-7f28a0b3b000 r--s 00000000 08:04 7612525                    /var/cache/fontconfig/6aa41aa22e18b8fa06a12da28ea9c28b-le64.cache-7
7f28a0b3b000-7f28a0b46000 r--s 00000000 08:04 7602271                    /var/cache/fontconfig/945677eb7aeaf62f1d50efc3fb3ec7d8-le64.cache-7
7f28a0b46000-7f28a0b4b000 r--s 00000000 08:04 7602240                    /var/cache/fontconfig/2300eef321c393bfd76478a5c0e95b23-le64.cache-7
7f28a0b4b000-7f28a0b60000 r--s 00000000 08:04 7602231                    /var/cache/fontconfig/04aabc0a78ac019cf9454389977116d2-le64.cache-7
7f28a0b60000-7f28a0b71000 r-xp 00000000 08:04 669946                     /usr/local/java/jdk1.8.0_211/jre/lib/amd64/libnio.so
7f28a0b71000-7f28a0d70000 ---p 00011000 08:04 669946                     /usr/local/java/jdk1.8.0_211/jre/lib/amd64/libnio.so
7f28a0d70000-7f28a0d71000 r--p 00010000 08:04 669946                     /usr/local/java/jdk1.8.0_211/jre/lib/amd64/libnio.so
7f28a0d71000-7f28a0d72000 rw-p 00011000 08:04 669946                     /usr/local/java/jdk1.8.0_211/jre/lib/amd64/libnio.so
7f28a0d72000-7f28a0d88000 r-xp 00000000 08:04 669886                     /usr/local/java/jdk1.8.0_211/jre/lib/amd64/libnet.so
7f28a0d88000-7f28a0f87000 ---p 00016000 08:04 669886                     /usr/local/java/jdk1.8.0_211/jre/lib/amd64/libnet.so
7f28a0f87000-7f28a0f88000 r--p 00015000 08:04 669886                     /usr/local/java/jdk1.8.0_211/jre/lib/amd64/libnet.so
7f28a0f88000-7f28a0f89000 rw-p 00016000 08:04 669886                     /usr/local/java/jdk1.8.0_211/jre/lib/amd64/libnet.so
7f28a0f89000-7f28a0fc3000 r-xp 00000000 08:04 11534697                   /usr/lib/x86_64-linux-gnu/gtk-2.0/2.10.0/engines/libmurrine.so
7f28a0fc3000-7f28a11c3000 ---p 0003a000 08:04 11534697                   /usr/lib/x86_64-linux-gnu/gtk-2.0/2.10.0/engines/libmurrine.so
7f28a11c3000-7f28a11c4000 r--p 0003a000 08:04 11534697                   /usr/lib/x86_64-linux-gnu/gtk-2.0/2.10.0/engines/libmurrine.so
7f28a11c4000-7f28a11c5000 rw-p 0003b000 08:04 11534697                   /usr/lib/x86_64-linux-gnu/gtk-2.0/2.10.0/engines/libmurrine.so
7f28a11c5000-7f28a11cf000 r-xp 00000000 08:04 11534698                   /usr/lib/x86_64-linux-gnu/gtk-2.0/2.10.0/engines/libpixmap.so
7f28a11cf000-7f28a13ce000 ---p 0000a000 08:04 11534698                   /usr/lib/x86_64-linux-gnu/gtk-2.0/2.10.0/engines/libpixmap.so
7f28a13ce000-7f28a13cf000 r--p 00009000 08:04 11534698                   /usr/lib/x86_64-linux-gnu/gtk-2.0/2.10.0/engines/libpixmap.so
7f28a13cf000-7f28a13d0000 rw-p 0000a000 08:04 11534698                   /usr/lib/x86_64-linux-gnu/gtk-2.0/2.10.0/engines/libpixmap.so
7f28a13d0000-7f28a13d2000 r-xp 00000000 08:04 11534690                   /usr/lib/x86_64-linux-gnu/gtk-2.0/2.10.0/engines/libadwaita.so
7f28a13d2000-7f28a15d2000 ---p 00002000 08:04 11534690                   /usr/lib/x86_64-linux-gnu/gtk-2.0/2.10.0/engines/libadwaita.so
7f28a15d2000-7f28a15d3000 r--p 00002000 08:04 11534690                   /usr/lib/x86_64-linux-gnu/gtk-2.0/2.10.0/engines/libadwaita.so
7f28a15d3000-7f28a15d4000 rw-p 00003000 08:04 11534690                   /usr/lib/x86_64-linux-gnu/gtk-2.0/2.10.0/engines/libadwaita.so
7f28a15d4000-7f28a15d5000 r-xp 00000000 08:04 11141576                   /usr/lib/x86_64-linux-gnu/libgthread-2.0.so.0.5600.4
7f28a15d5000-7f28a17d4000 ---p 00001000 08:04 11141576                   /usr/lib/x86_64-linux-gnu/libgthread-2.0.so.0.5600.4
7f28a17d4000-7f28a17d5000 r--p 00000000 08:04 11141576                   /usr/lib/x86_64-linux-gnu/libgthread-2.0.so.0.5600.4
7f28a17d5000-7f28a17d6000 rw-p 00001000 08:04 11141576                   /usr/lib/x86_64-linux-gnu/libgthread-2.0.so.0.5600.4
7f28a17d6000-7f28a17dc000 r-xp 00000000 08:04 4461072                    /lib/x86_64-linux-gnu/libuuid.so.1.3.0
7f28a17dc000-7f28a19db000 ---p 00006000 08:04 4461072                    /lib/x86_64-linux-gnu/libuuid.so.1.3.0
7f28a19db000-7f28a19dc000 r--p 00005000 08:04 4461072                    /lib/x86_64-linux-gnu/libuuid.so.1.3.0
7f28a19dc000-7f28a19dd000 rw-p 00006000 08:04 4461072                    /lib/x86_64-linux-gnu/libuuid.so.1.3.0
7f28a19dd000-7f28a19e3000 r-xp 00000000 08:04 11148919                   /usr/lib/x86_64-linux-gnu/libdatrie.so.1.3.3
7f28a19e3000-7f28a1be2000 ---p 00006000 08:04 11148919                   /usr/lib/x86_64-linux-gnu/libdatrie.so.1.3.3
7f28a1be2000-7f28a1be3000 r--p 00005000 08:04 11148919                   /usr/lib/x86_64-linux-gnu/libdatrie.so.1.3.3
7f28a1be3000-7f28a1be4000 rw-p 00006000 08:04 11148919                   /usr/lib/x86_64-linux-gnu/libdatrie.so.1.3.3
7f28a1be4000-7f28a1c0f000 r-xp 00000000 08:04 11149197                   /usr/lib/x86_64-linux-gnu/libgraphite2.so.3.0.1
7f28a1c0f000-7f28a1e0e000 ---p 0002b000 08:04 11149197                   /usr/lib/x86_64-linux-gnu/libgraphite2.so.3.0.1
7f28a1e0e000-7f28a1e10000 r--p 0002a000 08:04 11149197                   /usr/lib/x86_64-linux-gnu/libgraphite2.so.3.0.1
7f28a1e10000-7f28a1e11000 rw-p 0002c000 08:04 11149197                   /usr/lib/x86_64-linux-gnu/libgraphite2.so.3.0.1
7f28a1e11000-7f28a1e58000 r-xp 00000000 08:04 4461074                    /lib/x86_64-linux-gnu/libblkid.so.1.1.0
7f28a1e58000-7f28a2058000 ---p 00047000 08:04 4461074                    /lib/x86_64-linux-gnu/libblkid.so.1.1.0
7f28a2058000-7f28a205c000 r--p 00047000 08:04 4461074                    /lib/x86_64-linux-gnu/libblkid.so.1.1.0
7f28a205c000-7f28a205d000 rw-p 0004b000 08:04 4461074                    /lib/x86_64-linux-gnu/libblkid.so.1.1.0
7f28a205d000-7f28a205e000 rw-p 00000000 00:00 0 
7f28a205e000-7f28a208d000 r-xp 00000000 08:04 4461197                    /lib/x86_64-linux-gnu/libexpat.so.1.6.7
7f28a208d000-7f28a228d000 ---p 0002f000 08:04 4461197                    /lib/x86_64-linux-gnu/libexpat.so.1.6.7
7f28a228d000-7f28a228f000 r--p 0002f000 08:04 4461197                    /lib/x86_64-linux-gnu/libexpat.so.1.6.7
7f28a228f000-7f28a2290000 rw-p 00031000 08:04 4461197                    /lib/x86_64-linux-gnu/libexpat.so.1.6.7
7f28a2290000-7f28a2300000 r-xp 00000000 08:04 4461289                    /lib/x86_64-linux-gnu/libpcre.so.3.13.3
7f28a2300000-7f28a2500000 ---p 00070000 08:04 4461289                    /lib/x86_64-linux-gnu/libpcre.so.3.13.3
7f28a2500000-7f28a2501000 r--p 00070000 08:04 4461289                    /lib/x86_64-linux-gnu/libpcre.so.3.13.3
7f28a2501000-7f28a2502000 rw-p 00071000 08:04 4461289                    /lib/x86_64-linux-gnu/libpcre.so.3.13.3
7f28a2502000-7f28a2509000 r-xp 00000000 08:04 11149036                   /usr/lib/x86_64-linux-gnu/libffi.so.6.0.4
7f28a2509000-7f28a2708000 ---p 00007000 08:04 11149036                   /usr/lib/x86_64-linux-gnu/libffi.so.6.0.4
7f28a2708000-7f28a2709000 r--p 00006000 08:04 11149036                   /usr/lib/x86_64-linux-gnu/libffi.so.6.0.4
7f28a2709000-7f28a270a000 rw-p 00007000 08:04 11149036                   /usr/lib/x86_64-linux-gnu/libffi.so.6.0.4
7f28a270a000-7f28a2712000 r-xp 00000000 08:04 11149797                   /usr/lib/x86_64-linux-gnu/libthai.so.0.3.0
7f28a2712000-7f28a2911000 ---p 00008000 08:04 11149797                   /usr/lib/x86_64-linux-gnu/libthai.so.0.3.0
7f28a2911000-7f28a2912000 r--p 00007000 08:04 11149797                   /usr/lib/x86_64-linux-gnu/libthai.so.0.3.0
7f28a2912000-7f28a2913000 rw-p 00008000 08:04 11149797                   /usr/lib/x86_64-linux-gnu/libthai.so.0.3.0
7f28a2913000-7f28a29af000 r-xp 00000000 08:04 11149288                   /usr/lib/x86_64-linux-gnu/libharfbuzz.so.0.10702.0
7f28a29af000-7f28a2baf000 ---p 0009c000 08:04 11149288                   /usr/lib/x86_64-linux-gnu/libharfbuzz.so.0.10702.0
7f28a2baf000-7f28a2bb0000 r--p 0009c000 08:04 11149288                   /usr/lib/x86_64-linux-gnu/libharfbuzz.so.0.10702.0
7f28a2bb0000-7f28a2bb1000 rw-p 0009d000 08:04 11149288                   /usr/lib/x86_64-linux-gnu/libharfbuzz.so.0.10702.0
7f28a2bb1000-7f28a2c02000 r-xp 00000000 08:04 4461076                    /lib/x86_64-linux-gnu/libmount.so.1.1.0
7f28a2c02000-7f28a2e01000 ---p 00051000 08:04 4461076                    /lib/x86_64-linux-gnu/libmount.so.1.1.0
7f28a2e01000-7f28a2e03000 r--p 00050000 08:04 4461076                    /lib/x86_64-linux-gnu/libmount.so.1.1.0
7f28a2e03000-7f28a2e04000 rw-p 00052000 08:04 4461076                    /lib/x86_64-linux-gnu/libmount.so.1.1.0
7f28a2e04000-7f28a2e05000 rw-p 00000000 00:00 0 
7f28a2e05000-7f28a2e1c000 r-xp 00000000 08:04 4461306                    /lib/x86_64-linux-gnu/libresolv-2.27.so
7f28a2e1c000-7f28a301c000 ---p 00017000 08:04 4461306                    /lib/x86_64-linux-gnu/libresolv-2.27.so
7f28a301c000-7f28a301d000 r--p 00017000 08:04 4461306                    /lib/x86_64-linux-gnu/libresolv-2.27.so
7f28a301d000-7f28a301e000 rw-p 00018000 08:04 4461306                    /lib/x86_64-linux-gnu/libresolv-2.27.so
7f28a301e000-7f28a3020000 rw-p 00000000 00:00 0 
7f28a3020000-7f28a3045000 r-xp 00000000 08:04 4461312                    /lib/x86_64-linux-gnu/libselinux.so.1
7f28a3045000-7f28a3244000 ---p 00025000 08:04 4461312                    /lib/x86_64-linux-gnu/libselinux.so.1
7f28a3244000-7f28a3245000 r--p 00024000 08:04 4461312                    /lib/x86_64-linux-gnu/libselinux.so.1
7f28a3245000-7f28a3246000 rw-p 00025000 08:04 4461312                    /lib/x86_64-linux-gnu/libselinux.so.1
7f28a3246000-7f28a3248000 rw-p 00000000 00:00 0 
7f28a3248000-7f28a3264000 r-xp 00000000 08:04 4461341                    /lib/x86_64-linux-gnu/libz.so.1.2.11
7f28a3264000-7f28a3463000 ---p 0001c000 08:04 4461341                    /lib/x86_64-linux-gnu/libz.so.1.2.11
7f28a3463000-7f28a3464000 r--p 0001b000 08:04 4461341                    /lib/x86_64-linux-gnu/libz.so.1.2.11
7f28a3464000-7f28a3465000 rw-p 0001c000 08:04 4461341                    /lib/x86_64-linux-gnu/libz.so.1.2.11
7f28a3465000-7f28a3471000 r-xp 00000000 08:04 11148102                   /usr/lib/x86_64-linux-gnu/libxcb-render.so.0.0.0
7f28a3471000-7f28a3670000 ---p 0000c000 08:04 11148102                   /usr/lib/x86_64-linux-gnu/libxcb-render.so.0.0.0
7f28a3670000-7f28a3671000 r--p 0000b000 08:04 11148102                   /usr/lib/x86_64-linux-gnu/libxcb-render.so.0.0.0
7f28a3671000-7f28a3672000 rw-p 0000c000 08:04 11148102                   /usr/lib/x86_64-linux-gnu/libxcb-render.so.0.0.0
7f28a3672000-7f28a3674000 r-xp 00000000 08:04 11148107                   /usr/lib/x86_64-linux-gnu/libxcb-shm.so.0.0.0
7f28a3674000-7f28a3873000 ---p 00002000 08:04 11148107                   /usr/lib/x86_64-linux-gnu/libxcb-shm.so.0.0.0
7f28a3873000-7f28a3874000 r--p 00001000 08:04 11148107                   /usr/lib/x86_64-linux-gnu/libxcb-shm.so.0.0.0
7f28a3874000-7f28a3875000 rw-p 00002000 08:04 11148107                   /usr/lib/x86_64-linux-gnu/libxcb-shm.so.0.0.0
7f28a3875000-7f28a38a6000 r-xp 00000000 08:04 11148090                   /usr/lib/x86_64-linux-gnu/libpng16.so.16.34.0
7f28a38a6000-7f28a3aa5000 ---p 00031000 08:04 11148090                   /usr/lib/x86_64-linux-gnu/libpng16.so.16.34.0
7f28a3aa5000-7f28a3aa6000 r--p 00030000 08:04 11148090                   /usr/lib/x86_64-linux-gnu/libpng16.so.16.34.0
7f28a3aa6000-7f28a3aa7000 rw-p 00031000 08:04 11148090                   /usr/lib/x86_64-linux-gnu/libpng16.so.16.34.0
7f28a3aa7000-7f28a3b44000 r-xp 00000000 08:04 11149607                   /usr/lib/x86_64-linux-gnu/libpixman-1.so.0.34.0
7f28a3b44000-7f28a3d43000 ---p 0009d000 08:04 11149607                   /usr/lib/x86_64-linux-gnu/libpixman-1.so.0.34.0
7f28a3d43000-7f28a3d4b000 r--p 0009c000 08:04 11149607                   /usr/lib/x86_64-linux-gnu/libpixman-1.so.0.34.0
7f28a3d4b000-7f28a3d4c000 rw-p 000a4000 08:04 11149607                   /usr/lib/x86_64-linux-gnu/libpixman-1.so.0.34.0
7f28a3d4c000-7f28a3df9000 r-xp 00000000 08:04 11149066                   /usr/lib/x86_64-linux-gnu/libfreetype.so.6.15.0
7f28a3df9000-7f28a3ff8000 ---p 000ad000 08:04 11149066                   /usr/lib/x86_64-linux-gnu/libfreetype.so.6.15.0
7f28a3ff8000-7f28a3fff000 r--p 000ac000 08:04 11149066                   /usr/lib/x86_64-linux-gnu/libfreetype.so.6.15.0
7f28a3fff000-7f28a4000000 rw-p 000b3000 08:04 11149066                   /usr/lib/x86_64-linux-gnu/libfreetype.so.6.15.0
7f28a4000000-7f28a4021000 rw-p 00000000 00:00 0 
7f28a4021000-7f28a8000000 ---p 00000000 00:00 0 
7f28a8000000-7f28a8021000 rw-p 00000000 00:00 0 
7f28a8021000-7f28ac000000 ---p 00000000 00:00 0 
7f28ac002000-7f28ac004000 r--s 00000000 08:04 7602273                    /var/cache/fontconfig/99e8ed0e538f840c565b6ed5dad60d56-le64.cache-7
7f28ac004000-7f28ac005000 r--s 00000000 08:04 7602234                    /var/cache/fontconfig/0d8c3b2ac0904cb8a57a757ad11a4a08-le64.cache-7
7f28ac005000-7f28ac006000 r--s 00000000 08:04 7602238                    /var/cache/fontconfig/1ac9eb803944fde146138c791f5cc56a-le64.cache-7
7f28ac006000-7f28ac00a000 r--s 00000000 08:04 7602246                    /var/cache/fontconfig/385c0604a188198f04d133e54aba7fe7-le64.cache-7
7f28ac00a000-7f28ac00b000 r--s 00000000 08:04 7602292                    /var/cache/fontconfig/dc05db6664285cc2f12bf69c139ae4c3-le64.cache-7
7f28ac00b000-7f28ac00d000 r--s 00000000 08:04 7602235                    /var/cache/fontconfig/14a5e22175779b556eaa434240950366-le64.cache-7
7f28ac00d000-7f28ac00e000 r--s 00000000 08:04 7602262                    /var/cache/fontconfig/660208299946a285a940457d1287da33-le64.cache-7
7f28ac00e000-7f28ac010000 r--s 00000000 08:04 7602253                    /var/cache/fontconfig/4f3e3037c9980c83b53a9351efadef62-le64.cache-7
7f28ac010000-7f28ac012000 r--s 00000000 08:04 7602267                    /var/cache/fontconfig/767a8244fc0220cfb567a839d0392e0b-le64.cache-7
7f28ac012000-7f28ac013000 r--s 00000000 08:04 7610061                    /var/cache/fontconfig/4794a0821666d79190d59a36cb4f44b5-le64.cache-7
7f28ac013000-7f28ac05f000 r--s 00000000 08:04 7602232                    /var/cache/fontconfig/0bd3dc0958fa2205aaaa8ebb13e2872b-le64.cache-7
7f28ac05f000-7f28ac066000 r--s 00000000 08:04 7602270                    /var/cache/fontconfig/8801497958630a81b71ace7c5f9b32a8-le64.cache-7
7f28ac066000-7f28ac06b000 r--s 00000000 08:04 7602293                    /var/cache/fontconfig/def309198bfa603429122923fa2bb2d4-le64.cache-7
7f28ac06b000-7f28ac06c000 r--s 00000000 08:04 7602280                    /var/cache/fontconfig/b872e6e592da6075ffa4ab0a1fcc0c75-le64.cache-7
7f28ac06c000-7f28ac06d000 r--s 00000000 08:04 7602298                    /var/cache/fontconfig/f6d4eedfaab2589bde49f7a3ff831d22-le64.cache-7
7f28ac06d000-7f28ac06e000 r--s 00000000 08:04 7602260                    /var/cache/fontconfig/589f83ef4c36d296ce6e1c846f468f08-le64.cache-7
7f28ac06e000-7f28ac06f000 r--s 00000000 08:04 7602282                    /var/cache/fontconfig/bab58bb527bb656aaa9f116d68a48d89-le64.cache-7
7f28ac06f000-7f28ac070000 r--s 00000000 08:04 7602239                    /var/cache/fontconfig/2171a34dccabdb6bcbbc728186263178-le64.cache-7
7f28ac070000-7f28ac071000 r--s 00000000 08:04 7602283                    /var/cache/fontconfig/c5c45a61289222e0d30b1a26ef4effbe-le64.cache-7
7f28ac071000-7f28ac072000 r--s 00000000 08:04 7602278                    /var/cache/fontconfig/aec30016f93e1b46d1a973dce0d74068-le64.cache-7
7f28ac072000-7f28ac073000 r--s 00000000 08:04 7602247                    /var/cache/fontconfig/3f589640d34b7dc9042c8d453f7c8b9c-le64.cache-7
7f28ac073000-7f28ac074000 r--s 00000000 08:04 7602236                    /var/cache/fontconfig/16c2fda60d1b4b719f4b3d06fd951d25-le64.cache-7
7f28ac074000-7f28ac075000 r--s 00000000 08:04 7602277                    /var/cache/fontconfig/a48eab177a16e4f3713381162db2f3e9-le64.cache-7
7f28ac075000-7f28ac076000 r--s 00000000 08:04 7602256                    /var/cache/fontconfig/564b2e68ac9bc4e36a6f7f6d6125ec1c-le64.cache-7
7f28ac076000-7f28ac07b000 r--s 00000000 08:04 7610207                    /var/cache/fontconfig/9d2451b1fd30e5bffe8383fd27c35478-le64.cache-7
7f28ac07b000-7f28ac081000 r--s 00000000 08:04 7602241                    /var/cache/fontconfig/3047814df9a2f067bd2d96a2b9c36e5a-le64.cache-7
7f28ac081000-7f28ac082000 r--s 00000000 08:04 7602257                    /var/cache/fontconfig/56cf4f4769d0f4abc89a4895d7bd3ae1-le64.cache-7
7f28ac082000-7f28ac083000 r--s 00000000 08:04 7602281                    /var/cache/fontconfig/b9d506c9ac06c20b433354fa67a72993-le64.cache-7
7f28ac083000-7f28ac089000 r--s 00000000 08:04 7602279                    /var/cache/fontconfig/b47c4e1ecd0709278f4910c18777a504-le64.cache-7
7f28ac089000-7f28ac09c000 r--s 00000000 08:04 7602289                    /var/cache/fontconfig/d52a8644073d54c13679302ca1180695-le64.cache-7
7f28ac09c000-7f28ac09d000 r--s 00000000 08:04 7602244                    /var/cache/fontconfig/370e5b74bf5dafc30834de68e24a87a4-le64.cache-7
7f28ac09d000-7f28ac09e000 r--s 00000000 08:04 7602265                    /var/cache/fontconfig/6b2c5944714ca7831b25bed9e85cb5c8-le64.cache-7
7f28ac09e000-7f28ac09f000 r--s 00000000 08:04 7602288                    /var/cache/fontconfig/d5178ab6d91b49bf20a416737dcea9e8-le64.cache-7
7f28ac09f000-7f28ac0a0000 r--s 00000000 08:04 7602255                    /var/cache/fontconfig/551ecf3b0e8b0bca0f25c0944f561853-le64.cache-7
7f28ac0a0000-7f28ac0a3000 r--s 00000000 08:04 7602297                    /var/cache/fontconfig/f259c2cffa685e28062317905db73c4a-le64.cache-7
7f28ac0a3000-7f28ac0a5000 r--s 00000000 08:04 7602254                    /var/cache/fontconfig/550f3886151c940c12a5ed35f6a00586-le64.cache-7
7f28ac0a5000-7f28ac0b1000 r--s 00000000 08:04 7602290                    /var/cache/fontconfig/d589a48862398ed80a3d6066f4f56f4c-le64.cache-7
7f28ac0b1000-7f28ac0bf000 r--s 00000000 08:04 7602274                    /var/cache/fontconfig/9b89f8e3dae116d678bbf48e5f21f69b-le64.cache-7
7f28ac0bf000-7f28ac0e0000 r--s 00000000 08:04 7612530                    /var/cache/fontconfig/467c019e582ee353435ea5c21d137ef6-le64.cache-7
7f28ac0f8000-7f28ac0fa000 r-xp 00000000 08:04 11148644                   /usr/lib/x86_64-linux-gnu/libXdamage.so.1.1.0
7f28ac0fa000-7f28ac2f9000 ---p 00002000 08:04 11148644                   /usr/lib/x86_64-linux-gnu/libXdamage.so.1.1.0
7f28ac2f9000-7f28ac2fa000 r--p 00001000 08:04 11148644                   /usr/lib/x86_64-linux-gnu/libXdamage.so.1.1.0
7f28ac2fa000-7f28ac2fb000 rw-p 00002000 08:04 11148644                   /usr/lib/x86_64-linux-gnu/libXdamage.so.1.1.0
7f28ac2fb000-7f28ac2fd000 r-xp 00000000 08:04 11148640                   /usr/lib/x86_64-linux-gnu/libXcomposite.so.1.0.0
7f28ac2fd000-7f28ac4fc000 ---p 00002000 08:04 11148640                   /usr/lib/x86_64-linux-gnu/libXcomposite.so.1.0.0
7f28ac4fc000-7f28ac4fd000 r--p 00001000 08:04 11148640                   /usr/lib/x86_64-linux-gnu/libXcomposite.so.1.0.0
7f28ac4fd000-7f28ac4fe000 rw-p 00002000 08:04 11148640                   /usr/lib/x86_64-linux-gnu/libXcomposite.so.1.0.0
7f28ac4fe000-7f28ac508000 r-xp 00000000 08:04 11148666                   /usr/lib/x86_64-linux-gnu/libXrandr.so.2.2.0
7f28ac508000-7f28ac707000 ---p 0000a000 08:04 11148666                   /usr/lib/x86_64-linux-gnu/libXrandr.so.2.2.0
7f28ac707000-7f28ac708000 r--p 00009000 08:04 11148666                   /usr/lib/x86_64-linux-gnu/libXrandr.so.2.2.0
7f28ac708000-7f28ac709000 rw-p 0000a000 08:04 11148666                   /usr/lib/x86_64-linux-gnu/libXrandr.so.2.2.0
7f28ac709000-7f28ac70b000 r-xp 00000000 08:04 11148658                   /usr/lib/x86_64-linux-gnu/libXinerama.so.1.0.0
7f28ac70b000-7f28ac90a000 ---p 00002000 08:04 11148658                   /usr/lib/x86_64-linux-gnu/libXinerama.so.1.0.0
7f28ac90a000-7f28ac90b000 r--p 00001000 08:04 11148658                   /usr/lib/x86_64-linux-gnu/libXinerama.so.1.0.0
7f28ac90b000-7f28ac90c000 rw-p 00002000 08:04 11148658                   /usr/lib/x86_64-linux-gnu/libXinerama.so.1.0.0
7f28ac90c000-7f28ac94a000 r-xp 00000000 08:04 11149052                   /usr/lib/x86_64-linux-gnu/libfontconfig.so.1.10.1
7f28ac94a000-7f28acb4a000 ---p 0003e000 08:04 11149052                   /usr/lib/x86_64-linux-gnu/libfontconfig.so.1.10.1
7f28acb4a000-7f28acb4c000 r--p 0003e000 08:04 11149052                   /usr/lib/x86_64-linux-gnu/libfontconfig.so.1.10.1
7f28acb4c000-7f28acb51000 rw-p 00040000 08:04 11149052                   /usr/lib/x86_64-linux-gnu/libfontconfig.so.1.10.1
7f28acb51000-7f28acc65000 r-xp 00000000 08:04 11141547                   /usr/lib/x86_64-linux-gnu/libglib-2.0.so.0.5600.4
7f28acc65000-7f28ace64000 ---p 00114000 08:04 11141547                   /usr/lib/x86_64-linux-gnu/libglib-2.0.so.0.5600.4
7f28ace64000-7f28ace65000 r--p 00113000 08:04 11141547                   /usr/lib/x86_64-linux-gnu/libglib-2.0.so.0.5600.4
7f28ace65000-7f28ace66000 rw-p 00114000 08:04 11141547                   /usr/lib/x86_64-linux-gnu/libglib-2.0.so.0.5600.4
7f28ace66000-7f28ace67000 rw-p 00000000 00:00 0 
7f28ace67000-7f28aceb9000 r-xp 00000000 08:04 11141573                   /usr/lib/x86_64-linux-gnu/libgobject-2.0.so.0.5600.4
7f28aceb9000-7f28ad0b9000 ---p 00052000 08:04 11141573                   /usr/lib/x86_64-linux-gnu/libgobject-2.0.so.0.5600.4
7f28ad0b9000-7f28ad0ba000 r--p 00052000 08:04 11141573                   /usr/lib/x86_64-linux-gnu/libgobject-2.0.so.0.5600.4
7f28ad0ba000-7f28ad0bb000 rw-p 00053000 08:04 11141573                   /usr/lib/x86_64-linux-gnu/libgobject-2.0.so.0.5600.4
7f28ad0bb000-7f28ad105000 r-xp 00000000 08:04 11149575                   /usr/lib/x86_64-linux-gnu/libpango-1.0.so.0.4000.14
7f28ad105000-7f28ad304000 ---p 0004a000 08:04 11149575                   /usr/lib/x86_64-linux-gnu/libpango-1.0.so.0.4000.14
7f28ad304000-7f28ad307000 r--p 00049000 08:04 11149575                   /usr/lib/x86_64-linux-gnu/libpango-1.0.so.0.4000.14
7f28ad307000-7f28ad308000 rw-p 0004c000 08:04 11149575                   /usr/lib/x86_64-linux-gnu/libpango-1.0.so.0.4000.14
7f28ad308000-7f28ad31c000 r-xp 00000000 08:04 11149579                   /usr/lib/x86_64-linux-gnu/libpangoft2-1.0.so.0.4000.14
7f28ad31c000-7f28ad51c000 ---p 00014000 08:04 11149579                   /usr/lib/x86_64-linux-gnu/libpangoft2-1.0.so.0.4000.14
7f28ad51c000-7f28ad51d000 r--p 00014000 08:04 11149579                   /usr/lib/x86_64-linux-gnu/libpangoft2-1.0.so.0.4000.14
7f28ad51d000-7f28ad51e000 rw-p 00015000 08:04 11149579                   /usr/lib/x86_64-linux-gnu/libpangoft2-1.0.so.0.4000.14
7f28ad51e000-7f28ad6b3000 r-xp 00000000 08:04 11141520                   /usr/lib/x86_64-linux-gnu/libgio-2.0.so.0.5600.4
7f28ad6b3000-7f28ad8b3000 ---p 00195000 08:04 11141520                   /usr/lib/x86_64-linux-gnu/libgio-2.0.so.0.5600.4
7f28ad8b3000-7f28ad8ba000 r--p 00195000 08:04 11141520                   /usr/lib/x86_64-linux-gnu/libgio-2.0.so.0.5600.4
7f28ad8ba000-7f28ad8bb000 rw-p 0019c000 08:04 11141520                   /usr/lib/x86_64-linux-gnu/libgio-2.0.so.0.5600.4
7f28ad8bb000-7f28ad8bd000 rw-p 00000000 00:00 0 
7f28ad8bd000-7f28ad8df000 r-xp 00000000 08:04 11149110                   /usr/lib/x86_64-linux-gnu/libgdk_pixbuf-2.0.so.0.3611.0
7f28ad8df000-7f28adadf000 ---p 00022000 08:04 11149110                   /usr/lib/x86_64-linux-gnu/libgdk_pixbuf-2.0.so.0.3611.0
7f28adadf000-7f28adae0000 r--p 00022000 08:04 11149110                   /usr/lib/x86_64-linux-gnu/libgdk_pixbuf-2.0.so.0.3611.0
7f28adae0000-7f28adae1000 rw-p 00023000 08:04 11149110                   /usr/lib/x86_64-linux-gnu/libgdk_pixbuf-2.0.so.0.3611.0
7f28adae1000-7f28adbf9000 r-xp 00000000 08:04 11148110                   /usr/lib/x86_64-linux-gnu/libcairo.so.2.11510.0
7f28adbf9000-7f28addf8000 ---p 00118000 08:04 11148110                   /usr/lib/x86_64-linux-gnu/libcairo.so.2.11510.0
7f28addf8000-7f28addfb000 r--p 00117000 08:04 11148110                   /usr/lib/x86_64-linux-gnu/libcairo.so.2.11510.0
7f28addfb000-7f28addfd000 rw-p 0011a000 08:04 11148110                   /usr/lib/x86_64-linux-gnu/libcairo.so.2.11510.0
7f28addfd000-7f28addfe000 rw-p 00000000 00:00 0 
7f28addfe000-7f28ade20000 r-xp 00000000 08:04 11148725                   /usr/lib/x86_64-linux-gnu/libatk-1.0.so.0.22810.1
7f28ade20000-7f28ae020000 ---p 00022000 08:04 11148725                   /usr/lib/x86_64-linux-gnu/libatk-1.0.so.0.22810.1
7f28ae020000-7f28ae023000 r--p 00022000 08:04 11148725                   /usr/lib/x86_64-linux-gnu/libatk-1.0.so.0.22810.1
7f28ae023000-7f28ae024000 rw-p 00025000 08:04 11148725                   /usr/lib/x86_64-linux-gnu/libatk-1.0.so.0.22810.1
7f28ae024000-7f28ae030000 r-xp 00000000 08:04 11149577                   /usr/lib/x86_64-linux-gnu/libpangocairo-1.0.so.0.4000.14
7f28ae030000-7f28ae22f000 ---p 0000c000 08:04 11149577                   /usr/lib/x86_64-linux-gnu/libpangocairo-1.0.so.0.4000.14
7f28ae22f000-7f28ae230000 r--p 0000b000 08:04 11149577                   /usr/lib/x86_64-linux-gnu/libpangocairo-1.0.so.0.4000.14
7f28ae230000-7f28ae231000 rw-p 0000c000 08:04 11149577                   /usr/lib/x86_64-linux-gnu/libpangocairo-1.0.so.0.4000.14
7f28ae231000-7f28ae234000 r-xp 00000000 08:04 11141572                   /usr/lib/x86_64-linux-gnu/libgmodule-2.0.so.0.5600.4
7f28ae234000-7f28ae433000 ---p 00003000 08:04 11141572                   /usr/lib/x86_64-linux-gnu/libgmodule-2.0.so.0.5600.4
7f28ae433000-7f28ae434000 r--p 00002000 08:04 11141572                   /usr/lib/x86_64-linux-gnu/libgmodule-2.0.so.0.5600.4
7f28ae434000-7f28ae435000 rw-p 00003000 08:04 11141572                   /usr/lib/x86_64-linux-gnu/libgmodule-2.0.so.0.5600.4
7f28ae435000-7f28ae4e5000 r-xp 00000000 08:04 11149108                   /usr/lib/x86_64-linux-gnu/libgdk-x11-2.0.so.0.2400.32
7f28ae4e5000-7f28ae6e4000 ---p 000b0000 08:04 11149108                   /usr/lib/x86_64-linux-gnu/libgdk-x11-2.0.so.0.2400.32
7f28ae6e4000-7f28ae6e8000 r--p 000af000 08:04 11149108                   /usr/lib/x86_64-linux-gnu/libgdk-x11-2.0.so.0.2400.32
7f28ae6e8000-7f28ae6ea000 rw-p 000b3000 08:04 11149108                   /usr/lib/x86_64-linux-gnu/libgdk-x11-2.0.so.0.2400.32
7f28ae6ea000-7f28aeb1f000 r-xp 00000000 08:04 11149257                   /usr/lib/x86_64-linux-gnu/libgtk-x11-2.0.so.0.2400.32
7f28aeb1f000-7f28aed1e000 ---p 00435000 08:04 11149257                   /usr/lib/x86_64-linux-gnu/libgtk-x11-2.0.so.0.2400.32
7f28aed1e000-7f28aed25000 r--p 00434000 08:04 11149257                   /usr/lib/x86_64-linux-gnu/libgtk-x11-2.0.so.0.2400.32
7f28aed25000-7f28aed29000 rw-p 0043b000 08:04 11149257                   /usr/lib/x86_64-linux-gnu/libgtk-x11-2.0.so.0.2400.32
7f28aed29000-7f28aed2c000 rw-p 00000000 00:00 0 
7f28aed2c000-7f28aed2f000 ---p 00000000 00:00 0 
7f28aed2f000-7f28aee2d000 rw-p 00000000 00:00 0 
7f28aee2d000-7f28aee32000 r-xp 00000000 08:04 11148650                   /usr/lib/x86_64-linux-gnu/libXfixes.so.3.1.0
7f28aee32000-7f28af031000 ---p 00005000 08:04 11148650                   /usr/lib/x86_64-linux-gnu/libXfixes.so.3.1.0
7f28af031000-7f28af032000 r--p 00004000 08:04 11148650                   /usr/lib/x86_64-linux-gnu/libXfixes.so.3.1.0
7f28af032000-7f28af033000 rw-p 00005000 08:04 11148650                   /usr/lib/x86_64-linux-gnu/libXfixes.so.3.1.0
7f28af033000-7f28af03c000 r-xp 00000000 08:04 11148642                   /usr/lib/x86_64-linux-gnu/libXcursor.so.1.0.2
7f28af03c000-7f28af23b000 ---p 00009000 08:04 11148642                   /usr/lib/x86_64-linux-gnu/libXcursor.so.1.0.2
7f28af23b000-7f28af23c000 r--p 00008000 08:04 11148642                   /usr/lib/x86_64-linux-gnu/libXcursor.so.1.0.2
7f28af23c000-7f28af23d000 rw-p 00009000 08:04 11148642                   /usr/lib/x86_64-linux-gnu/libXcursor.so.1.0.2
7f28af23d000-7f28af240000 ---p 00000000 00:00 0 
7f28af240000-7f28af33e000 rw-p 00000000 00:00 0 
7f28af33e000-7f28af355000 r-xp 00000000 08:04 4463636                    /lib/x86_64-linux-gnu/libgcc_s.so.1
7f28af355000-7f28af554000 ---p 00017000 08:04 4463636                    /lib/x86_64-linux-gnu/libgcc_s.so.1
7f28af554000-7f28af555000 r--p 00016000 08:04 4463636                    /lib/x86_64-linux-gnu/libgcc_s.so.1
7f28af555000-7f28af556000 rw-p 00017000 08:04 4463636                    /lib/x86_64-linux-gnu/libgcc_s.so.1
7f28af556000-7f28af5b5000 r-xp 00000000 08:04 669939                     /usr/local/java/jdk1.8.0_211/jre/lib/amd64/libfontmanager.so
7f28af5b5000-7f28af7b5000 ---p 0005f000 08:04 669939                     /usr/local/java/jdk1.8.0_211/jre/lib/amd64/libfontmanager.so
7f28af7b5000-7f28af7b8000 r--p 0005f000 08:04 669939                     /usr/local/java/jdk1.8.0_211/jre/lib/amd64/libfontmanager.so
7f28af7b8000-7f28af7b9000 rw-p 00062000 08:04 669939                     /usr/local/java/jdk1.8.0_211/jre/lib/amd64/libfontmanager.so
7f28af7b9000-7f28af7cc000 r-xp 00000000 08:04 4461163                    /lib/x86_64-linux-gnu/libbsd.so.0.8.7
7f28af7cc000-7f28af9cb000 ---p 00013000 08:04 4461163                    /lib/x86_64-linux-gnu/libbsd.so.0.8.7
7f28af9cb000-7f28af9cc000 r--p 00012000 08:04 4461163                    /lib/x86_64-linux-gnu/libbsd.so.0.8.7
7f28af9cc000-7f28af9cd000 rw-p 00013000 08:04 4461163                    /lib/x86_64-linux-gnu/libbsd.so.0.8.7
7f28af9cd000-7f28af9ce000 rw-p 00000000 00:00 0 
7f28af9ce000-7f28af9d3000 r-xp 00000000 08:04 11148646                   /usr/lib/x86_64-linux-gnu/libXdmcp.so.6.0.0
7f28af9d3000-7f28afbd2000 ---p 00005000 08:04 11148646                   /usr/lib/x86_64-linux-gnu/libXdmcp.so.6.0.0
7f28afbd2000-7f28afbd3000 r--p 00004000 08:04 11148646                   /usr/lib/x86_64-linux-gnu/libXdmcp.so.6.0.0
7f28afbd3000-7f28afbd4000 rw-p 00005000 08:04 11148646                   /usr/lib/x86_64-linux-gnu/libXdmcp.so.6.0.0
7f28afbd4000-7f28afbd6000 r-xp 00000000 08:04 11148635                   /usr/lib/x86_64-linux-gnu/libXau.so.6.0.0
7f28afbd6000-7f28afdd6000 ---p 00002000 08:04 11148635                   /usr/lib/x86_64-linux-gnu/libXau.so.6.0.0
7f28afdd6000-7f28afdd7000 r--p 00002000 08:04 11148635                   /usr/lib/x86_64-linux-gnu/libXau.so.6.0.0
7f28afdd7000-7f28afdd8000 rw-p 00003000 08:04 11148635                   /usr/lib/x86_64-linux-gnu/libXau.so.6.0.0
7f28afdd8000-7f28afdfe000 r-xp 00000000 08:04 11141352                   /usr/lib/x86_64-linux-gnu/libxcb.so.1.1.0
7f28afdfe000-7f28afffe000 ---p 00026000 08:04 11141352                   /usr/lib/x86_64-linux-gnu/libxcb.so.1.1.0
7f28afffe000-7f28affff000 r--p 00026000 08:04 11141352                   /usr/lib/x86_64-linux-gnu/libxcb.so.1.1.0
7f28affff000-7f28b0000000 rw-p 00027000 08:04 11141352                   /usr/lib/x86_64-linux-gnu/libxcb.so.1.1.0
7f28b0000000-7f28b0818000 rw-p 00000000 00:00 0 
7f28b0818000-7f28b4000000 ---p 00000000 00:00 0 
7f28b4000000-7f28b4021000 rw-p 00000000 00:00 0 
7f28b4021000-7f28b8000000 ---p 00000000 00:00 0 
7f28b8000000-7f28b8021000 rw-p 00000000 00:00 0 
7f28b8021000-7f28bc000000 ---p 00000000 00:00 0 
7f28bc000000-7f28bc9b6000 rw-p 00000000 00:00 0 
7f28bc9b6000-7f28c0000000 ---p 00000000 00:00 0 
7f28c0000000-7f28c0021000 rw-p 00000000 00:00 0 
7f28c0021000-7f28c4000000 ---p 00000000 00:00 0 
7f28c4000000-7f28c4021000 rw-p 00000000 00:00 0 
7f28c4021000-7f28c8000000 ---p 00000000 00:00 0 
7f28c8000000-7f28c8021000 rw-p 00000000 00:00 0 
7f28c8021000-7f28cc000000 ---p 00000000 00:00 0 
7f28cc000000-7f28cc29b000 rw-p 00000000 00:00 0 
7f28cc29b000-7f28d0000000 ---p 00000000 00:00 0 
7f28d0000000-7f28d0021000 rw-p 00000000 00:00 0 
7f28d0021000-7f28d4000000 ---p 00000000 00:00 0 
7f28d4000000-7f28d4003000 r--s 00000000 08:04 7602263                    /var/cache/fontconfig/674d1711f2d1d2a09646eb0bdcadee49-le64.cache-7
7f28d4003000-7f28d4004000 r--s 00000000 08:04 7602248                    /var/cache/fontconfig/3f7329c5293ffd510edef78f73874cfd-le64.cache-7
7f28d4004000-7f28d4005000 r--s 00000000 08:04 7602242                    /var/cache/fontconfig/30829fa25452a46451e813d634d7f916-le64.cache-7
7f28d4005000-7f28d4006000 r--s 00000000 08:04 7602233                    /var/cache/fontconfig/0c9eb80ebd1c36541ebe2852d3bb0c49-le64.cache-7
7f28d4006000-7f28d4007000 r--s 00000000 08:04 7602252                    /var/cache/fontconfig/4d9c95eba1cb85bbcf2878543262124a-le64.cache-7
7f28d4007000-7f28d4008000 r--s 00000000 08:04 7602269                    /var/cache/fontconfig/85e0a52ce643a7ba2ae53e5d6949cead-le64.cache-7
7f28d4008000-7f28d4009000 r--s 00000000 08:04 7602250                    /var/cache/fontconfig/49f0de54bdd920fe4f0dfd4cbac43e6b-le64.cache-7
7f28d4009000-7f28d4032000 r--p 00000000 08:04 11801267                   /usr/share/locale-langpack/pt/LC_MESSAGES/gtk20-properties.mo
7f28d4032000-7f28d405b000 r--p 00000000 08:04 11801410                   /usr/share/locale-langpack/pt_BR/LC_MESSAGES/gtk20-properties.mo
7f28d405b000-7f28d4073000 r--p 00000000 08:04 11801595                   /usr/share/locale-langpack/pt/LC_MESSAGES/libc.mo
7f28d4073000-7f28d4099000 r--p 00000000 08:04 11801820                   /usr/share/locale-langpack/pt_BR/LC_MESSAGES/libc.mo
7f28d4099000-7f28d40a8000 r-xp 00000000 08:04 11148656                   /usr/lib/x86_64-linux-gnu/libXi.so.6.1.0
7f28d40a8000-7f28d42a7000 ---p 0000f000 08:04 11148656                   /usr/lib/x86_64-linux-gnu/libXi.so.6.1.0
7f28d42a7000-7f28d42a8000 r--p 0000e000 08:04 11148656                   /usr/lib/x86_64-linux-gnu/libXi.so.6.1.0
7f28d42a8000-7f28d42a9000 rw-p 0000f000 08:04 11148656                   /usr/lib/x86_64-linux-gnu/libXi.so.6.1.0
7f28d42a9000-7f28d42ae000 r-xp 00000000 08:04 11148674                   /usr/lib/x86_64-linux-gnu/libXtst.so.6.1.0
7f28d42ae000-7f28d44ad000 ---p 00005000 08:04 11148674                   /usr/lib/x86_64-linux-gnu/libXtst.so.6.1.0
7f28d44ad000-7f28d44ae000 r--p 00004000 08:04 11148674                   /usr/lib/x86_64-linux-gnu/libXtst.so.6.1.0
7f28d44ae000-7f28d44af000 rw-p 00005000 08:04 11148674                   /usr/lib/x86_64-linux-gnu/libXtst.so.6.1.0
7f28d44af000-7f28d44b8000 r-xp 00000000 08:04 11148668                   /usr/lib/x86_64-linux-gnu/libXrender.so.1.3.0
7f28d44b8000-7f28d46b7000 ---p 00009000 08:04 11148668                   /usr/lib/x86_64-linux-gnu/libXrender.so.1.3.0
7f28d46b7000-7f28d46b8000 r--p 00008000 08:04 11148668                   /usr/lib/x86_64-linux-gnu/libXrender.so.1.3.0
7f28d46b8000-7f28d46b9000 rw-p 00009000 08:04 11148668                   /usr/lib/x86_64-linux-gnu/libXrender.so.1.3.0
7f28d46b9000-7f28d47ec000 r-xp 00000000 08:04 11141354                   /usr/lib/x86_64-linux-gnu/libX11.so.6.3.0
7f28d47ec000-7f28d49ec000 ---p 00133000 08:04 11141354                   /usr/lib/x86_64-linux-gnu/libX11.so.6.3.0
7f28d49ec000-7f28d49ed000 r--p 00133000 08:04 11141354                   /usr/lib/x86_64-linux-gnu/libX11.so.6.3.0
7f28d49ed000-7f28d49f1000 rw-p 00134000 08:04 11141354                   /usr/lib/x86_64-linux-gnu/libX11.so.6.3.0
7f28d49f1000-7f28d4a02000 r-xp 00000000 08:04 11148648                   /usr/lib/x86_64-linux-gnu/libXext.so.6.4.0
7f28d4a02000-7f28d4c01000 ---p 00011000 08:04 11148648                   /usr/lib/x86_64-linux-gnu/libXext.so.6.4.0
7f28d4c01000-7f28d4c02000 r--p 00010000 08:04 11148648                   /usr/lib/x86_64-linux-gnu/libXext.so.6.4.0
7f28d4c02000-7f28d4c03000 rw-p 00011000 08:04 11148648                   /usr/lib/x86_64-linux-gnu/libXext.so.6.4.0
7f28d4c03000-7f28d4c5d000 r-xp 00000000 08:04 669910                     /usr/local/java/jdk1.8.0_211/jre/lib/amd64/libawt_xawt.so
7f28d4c5d000-7f28d4e5d000 ---p 0005a000 08:04 669910                     /usr/local/java/jdk1.8.0_211/jre/lib/amd64/libawt_xawt.so
7f28d4e5d000-7f28d4e5e000 r--p 0005a000 08:04 669910                     /usr/local/java/jdk1.8.0_211/jre/lib/amd64/libawt_xawt.so
7f28d4e5e000-7f28d4e61000 rw-p 0005b000 08:04 669910                     /usr/local/java/jdk1.8.0_211/jre/lib/amd64/libawt_xawt.so
7f28d4e61000-7f28d4e63000 rw-p 00000000 00:00 0 
7f28d4e63000-7f28d4f03000 r-xp 00000000 08:04 669892                     /usr/local/java/jdk1.8.0_211/jre/lib/amd64/libawt.so
7f28d4f03000-7f28d5102000 ---p 000a0000 08:04 669892                     /usr/local/java/jdk1.8.0_211/jre/lib/amd64/libawt.so
7f28d5102000-7f28d5103000 r--p 0009f000 08:04 669892                     /usr/local/java/jdk1.8.0_211/jre/lib/amd64/libawt.so
7f28d5103000-7f28d510e000 rw-p 000a0000 08:04 669892                     /usr/local/java/jdk1.8.0_211/jre/lib/amd64/libawt.so
7f28d510e000-7f28d5133000 rw-p 00000000 00:00 0 
7f28d5133000-7f28d5134000 ---p 00000000 00:00 0 
7f28d5134000-7f28d5234000 rw-p 00000000 00:00 0 
7f28d5234000-7f28d5237000 ---p 00000000 00:00 0 
7f28d5237000-7f28d5335000 rw-p 00000000 00:00 0 
7f28d5335000-7f28d5336000 ---p 00000000 00:00 0 
7f28d5336000-7f28d5339000 ---p 00000000 00:00 0 
7f28d5339000-7f28d5436000 rw-p 00000000 00:00 0 
7f28d5436000-7f28d5437000 ---p 00000000 00:00 0 
7f28d5437000-7f28d543a000 ---p 00000000 00:00 0 
7f28d543a000-7f28d5537000 rw-p 00000000 00:00 0 
7f28d5537000-7f28d553a000 ---p 00000000 00:00 0 
7f28d553a000-7f28d5638000 rw-p 00000000 00:00 0 
7f28d5638000-7f28d5918000 r--p 00000000 08:04 11147507                   /usr/lib/locale/locale-archive
7f28d5918000-7f28d591b000 ---p 00000000 00:00 0 
7f28d591b000-7f28d5a19000 rw-p 00000000 00:00 0 
7f28d5a19000-7f28d5a1c000 ---p 00000000 00:00 0 
7f28d5a1c000-7f28d5b1a000 rw-p 00000000 00:00 0 
7f28d5b1a000-7f28d5b1b000 ---p 00000000 00:00 0 
7f28d5b1b000-7f28d6587000 rw-p 00000000 00:00 0 
7f28d6587000-7f28d6761000 r--s 03d6d000 08:04 11535976                   /usr/local/java/jdk1.8.0_211/jre/lib/rt.jar
7f28d6761000-7f28d7efb000 rw-p 00000000 00:00 0 
7f28d7efb000-7f28d7efc000 ---p 00000000 00:00 0 
7f28d7efc000-7f28d7ffc000 rw-p 00000000 00:00 0 
7f28d7ffc000-7f28d7ffd000 ---p 00000000 00:00 0 
7f28d7ffd000-7f28d810e000 rw-p 00000000 00:00 0 
7f28d810e000-7f28d8195000 ---p 00000000 00:00 0 
7f28d8195000-7f28d819e000 rw-p 00000000 00:00 0 
7f28d819e000-7f28d81e1000 ---p 00000000 00:00 0 
7f28d81e1000-7f28d81fe000 rw-p 00000000 00:00 0 
7f28d81fe000-7f28d85a2000 ---p 00000000 00:00 0 
7f28d85a2000-7f28d8c92000 rwxp 00000000 00:00 0 
7f28d8c92000-7f28e75a2000 ---p 00000000 00:00 0 
7f28e75a2000-7f28e75bd000 r-xp 00000000 08:04 669909                     /usr/local/java/jdk1.8.0_211/jre/lib/amd64/libzip.so
7f28e75bd000-7f28e77bc000 ---p 0001b000 08:04 669909                     /usr/local/java/jdk1.8.0_211/jre/lib/amd64/libzip.so
7f28e77bc000-7f28e77bd000 r--p 0001a000 08:04 669909                     /usr/local/java/jdk1.8.0_211/jre/lib/amd64/libzip.so
7f28e77bd000-7f28e77be000 rw-p 0001b000 08:04 669909                     /usr/local/java/jdk1.8.0_211/jre/lib/amd64/libzip.so
7f28e77be000-7f28e77c9000 r-xp 00000000 08:04 4461257                    /lib/x86_64-linux-gnu/libnss_files-2.27.so
7f28e77c9000-7f28e79c8000 ---p 0000b000 08:04 4461257                    /lib/x86_64-linux-gnu/libnss_files-2.27.so
7f28e79c8000-7f28e79c9000 r--p 0000a000 08:04 4461257                    /lib/x86_64-linux-gnu/libnss_files-2.27.so
7f28e79c9000-7f28e79ca000 rw-p 0000b000 08:04 4461257                    /lib/x86_64-linux-gnu/libnss_files-2.27.so
7f28e79ca000-7f28e79d0000 rw-p 00000000 00:00 0 
7f28e79d0000-7f28e79e7000 r-xp 00000000 08:04 4461251                    /lib/x86_64-linux-gnu/libnsl-2.27.so
7f28e79e7000-7f28e7be6000 ---p 00017000 08:04 4461251                    /lib/x86_64-linux-gnu/libnsl-2.27.so
7f28e7be6000-7f28e7be7000 r--p 00016000 08:04 4461251                    /lib/x86_64-linux-gnu/libnsl-2.27.so
7f28e7be7000-7f28e7be8000 rw-p 00017000 08:04 4461251                    /lib/x86_64-linux-gnu/libnsl-2.27.so
7f28e7be8000-7f28e7bea000 rw-p 00000000 00:00 0 
7f28e7bea000-7f28e7bf5000 r-xp 00000000 08:04 4461268                    /lib/x86_64-linux-gnu/libnss_nis-2.27.so
7f28e7bf5000-7f28e7df4000 ---p 0000b000 08:04 4461268                    /lib/x86_64-linux-gnu/libnss_nis-2.27.so
7f28e7df4000-7f28e7df5000 r--p 0000a000 08:04 4461268                    /lib/x86_64-linux-gnu/libnss_nis-2.27.so
7f28e7df5000-7f28e7df6000 rw-p 0000b000 08:04 4461268                    /lib/x86_64-linux-gnu/libnss_nis-2.27.so
7f28e7df6000-7f28e7dfe000 r-xp 00000000 08:04 4461253                    /lib/x86_64-linux-gnu/libnss_compat-2.27.so
7f28e7dfe000-7f28e7ffe000 ---p 00008000 08:04 4461253                    /lib/x86_64-linux-gnu/libnss_compat-2.27.so
7f28e7ffe000-7f28e7fff000 r--p 00008000 08:04 4461253                    /lib/x86_64-linux-gnu/libnss_compat-2.27.so
7f28e7fff000-7f28e8000000 rw-p 00009000 08:04 4461253                    /lib/x86_64-linux-gnu/libnss_compat-2.27.so
7f28e8000000-7f28e87df000 rw-p 00000000 00:00 0 
7f28e87df000-7f28ec000000 ---p 00000000 00:00 0 
7f28ec000000-7f28ec001000 r--s 00000000 08:04 7602299                    /var/cache/fontconfig/f6e6e0a5c3d2f6ae0c0c2e0ecd42a997-le64.cache-7
7f28ec001000-7f28ec00a000 r--s 00000000 08:04 7602286                    /var/cache/fontconfig/d0972c3d32f097851eb916381fc38920-le64.cache-7
7f28ec00a000-7f28ec0b4000 rw-p 00000000 00:00 0 
7f28ec0b4000-7f28ec0e0000 r-xp 00000000 08:04 669900                     /usr/local/java/jdk1.8.0_211/jre/lib/amd64/libjava.so
7f28ec0e0000-7f28ec2e0000 ---p 0002c000 08:04 669900                     /usr/local/java/jdk1.8.0_211/jre/lib/amd64/libjava.so
7f28ec2e0000-7f28ec2e1000 r--p 0002c000 08:04 669900                     /usr/local/java/jdk1.8.0_211/jre/lib/amd64/libjava.so
7f28ec2e1000-7f28ec2e3000 rw-p 0002d000 08:04 669900                     /usr/local/java/jdk1.8.0_211/jre/lib/amd64/libjava.so
7f28ec2e3000-7f28ec2f0000 r-xp 00000000 08:04 669891                     /usr/local/java/jdk1.8.0_211/jre/lib/amd64/libverify.so
7f28ec2f0000-7f28ec4ef000 ---p 0000d000 08:04 669891                     /usr/local/java/jdk1.8.0_211/jre/lib/amd64/libverify.so
7f28ec4ef000-7f28ec4f1000 r--p 0000c000 08:04 669891                     /usr/local/java/jdk1.8.0_211/jre/lib/amd64/libverify.so
7f28ec4f1000-7f28ec4f2000 rw-p 0000e000 08:04 669891                     /usr/local/java/jdk1.8.0_211/jre/lib/amd64/libverify.so
7f28ec4f2000-7f28ec4f9000 r-xp 00000000 08:04 4461308                    /lib/x86_64-linux-gnu/librt-2.27.so
7f28ec4f9000-7f28ec6f8000 ---p 00007000 08:04 4461308                    /lib/x86_64-linux-gnu/librt-2.27.so
7f28ec6f8000-7f28ec6f9000 r--p 00006000 08:04 4461308                    /lib/x86_64-linux-gnu/librt-2.27.so
7f28ec6f9000-7f28ec6fa000 rw-p 00007000 08:04 4461308                    /lib/x86_64-linux-gnu/librt-2.27.so
7f28ec6fa000-7f28ec897000 r-xp 00000000 08:04 4461230                    /lib/x86_64-linux-gnu/libm-2.27.so
7f28ec897000-7f28eca96000 ---p 0019d000 08:04 4461230                    /lib/x86_64-linux-gnu/libm-2.27.so
7f28eca96000-7f28eca97000 r--p 0019c000 08:04 4461230                    /lib/x86_64-linux-gnu/libm-2.27.so
7f28eca97000-7f28eca98000 rw-p 0019d000 08:04 4461230                    /lib/x86_64-linux-gnu/libm-2.27.so
7f28eca98000-7f28ed780000 r-xp 00000000 08:04 669907                     /usr/local/java/jdk1.8.0_211/jre/lib/amd64/server/libjvm.so
7f28ed780000-7f28ed97f000 ---p 00ce8000 08:04 669907                     /usr/local/java/jdk1.8.0_211/jre/lib/amd64/server/libjvm.so
7f28ed97f000-7f28eda15000 r--p 00ce7000 08:04 669907                     /usr/local/java/jdk1.8.0_211/jre/lib/amd64/server/libjvm.so
7f28eda15000-7f28eda46000 rw-p 00d7d000 08:04 669907                     /usr/local/java/jdk1.8.0_211/jre/lib/amd64/server/libjvm.so
7f28eda46000-7f28eda81000 rw-p 00000000 00:00 0 
7f28eda81000-7f28edc68000 r-xp 00000000 08:04 4461167                    /lib/x86_64-linux-gnu/libc-2.27.so
7f28edc68000-7f28ede68000 ---p 001e7000 08:04 4461167                    /lib/x86_64-linux-gnu/libc-2.27.so
7f28ede68000-7f28ede6c000 r--p 001e7000 08:04 4461167                    /lib/x86_64-linux-gnu/libc-2.27.so
7f28ede6c000-7f28ede6e000 rw-p 001eb000 08:04 4461167                    /lib/x86_64-linux-gnu/libc-2.27.so
7f28ede6e000-7f28ede72000 rw-p 00000000 00:00 0 
7f28ede72000-7f28ede75000 r-xp 00000000 08:04 4461190                    /lib/x86_64-linux-gnu/libdl-2.27.so
7f28ede75000-7f28ee074000 ---p 00003000 08:04 4461190                    /lib/x86_64-linux-gnu/libdl-2.27.so
7f28ee074000-7f28ee075000 r--p 00002000 08:04 4461190                    /lib/x86_64-linux-gnu/libdl-2.27.so
7f28ee075000-7f28ee076000 rw-p 00003000 08:04 4461190                    /lib/x86_64-linux-gnu/libdl-2.27.so
7f28ee076000-7f28ee08d000 r-xp 00000000 08:04 669943                     /usr/local/java/jdk1.8.0_211/jre/lib/amd64/jli/libjli.so
7f28ee08d000-7f28ee28c000 ---p 00017000 08:04 669943                     /usr/local/java/jdk1.8.0_211/jre/lib/amd64/jli/libjli.so
7f28ee28c000-7f28ee28d000 r--p 00016000 08:04 669943                     /usr/local/java/jdk1.8.0_211/jre/lib/amd64/jli/libjli.so
7f28ee28d000-7f28ee28e000 rw-p 00017000 08:04 669943                     /usr/local/java/jdk1.8.0_211/jre/lib/amd64/jli/libjli.so
7f28ee28e000-7f28ee2a8000 r-xp 00000000 08:04 4461300                    /lib/x86_64-linux-gnu/libpthread-2.27.so
7f28ee2a8000-7f28ee4a7000 ---p 0001a000 08:04 4461300                    /lib/x86_64-linux-gnu/libpthread-2.27.so
7f28ee4a7000-7f28ee4a8000 r--p 00019000 08:04 4461300                    /lib/x86_64-linux-gnu/libpthread-2.27.so
7f28ee4a8000-7f28ee4a9000 rw-p 0001a000 08:04 4461300                    /lib/x86_64-linux-gnu/libpthread-2.27.so
7f28ee4a9000-7f28ee4ad000 rw-p 00000000 00:00 0 
7f28ee4ad000-7f28ee4d4000 r-xp 00000000 08:04 4461139                    /lib/x86_64-linux-gnu/ld-2.27.so
7f28ee4d4000-7f28ee4d7000 r--s 00000000 08:04 7611038                    /var/cache/fontconfig/e13b20fdb08344e0e664864cc2ede53d-le64.cache-7
7f28ee4d7000-7f28ee4da000 r--s 00000000 08:04 7610648                    /var/cache/fontconfig/43166cb5203093156c760aa2c7b8b314-le64.cache-7
7f28ee4da000-7f28ee4de000 r--s 00000000 08:04 7602268                    /var/cache/fontconfig/7ef2298fde41cc6eeb7af42e48b7d293-le64.cache-7
7f28ee4de000-7f28ee4ed000 r--p 00000000 08:04 11801411                   /usr/share/locale-langpack/pt_BR/LC_MESSAGES/gtk20.mo
7f28ee4ed000-7f28ee4f4000 r--s 00000000 08:04 11407894                   /usr/lib/x86_64-linux-gnu/gconv/gconv-modules.cache
7f28ee4f4000-7f28ee52d000 rw-p 00000000 00:00 0 
7f28ee52d000-7f28ee5b4000 ---p 00000000 00:00 0 
7f28ee5b4000-7f28ee5b5000 ---p 00000000 00:00 0 
7f28ee5b5000-7f28ee5b8000 ---p 00000000 00:00 0 
7f28ee5b8000-7f28ee6b9000 rw-p 00000000 00:00 0 
7f28ee6b9000-7f28ee6bb000 r--s 00000000 08:04 7602264                    /var/cache/fontconfig/6afa1bb216ce958c1589e297e8008489-le64.cache-7
7f28ee6bb000-7f28ee6bc000 r--s 00000000 08:04 7612532                    /var/cache/fontconfig/e0aa53bcfa504e64f87823c16bc01eb6-le64.cache-7
7f28ee6bc000-7f28ee6c1000 r--s 002f9000 08:04 11535975                   /usr/local/java/jdk1.8.0_211/jre/lib/charsets.jar
7f28ee6c1000-7f28ee6ca000 rw-p 00000000 00:00 0 
7f28ee6ca000-7f28ee6d2000 rw-s 00000000 08:04 4325822                    /tmp/hsperfdata_diego/4240
7f28ee6d2000-7f28ee6d3000 rw-p 00000000 00:00 0 
7f28ee6d3000-7f28ee6d4000 ---p 00000000 00:00 0 
7f28ee6d4000-7f28ee6d5000 r--p 00027000 08:04 4461139                    /lib/x86_64-linux-gnu/ld-2.27.so
7f28ee6d5000-7f28ee6d6000 rw-p 00028000 08:04 4461139                    /lib/x86_64-linux-gnu/ld-2.27.so
7f28ee6d6000-7f28ee6d7000 rw-p 00000000 00:00 0 
7fff7683b000-7fff7685c000 rw-p 00000000 00:00 0                          [stack]
7fff76903000-7fff76906000 r--p 00000000 00:00 0                          [vvar]
7fff76906000-7fff76908000 r-xp 00000000 00:00 0                          [vdso]
ffffffffff600000-ffffffffff601000 r-xp 00000000 00:00 0                  [vsyscall]

VM Arguments:
jvm_args: -Dfile.encoding=UTF-8 
java_command: Main
java_class_path (initial): /home/diego/git/arquitetura/build/classes
Launcher Type: SUN_STANDARD

Environment Variables:
JAVA_HOME=/usr/local/java/jdk1.8.0_211
PATH=/usr/local/sbin:/usr/local/bin:/usr/sbin:/usr/bin:/sbin:/bin:/usr/games:/usr/local/games:/home/diego/bin:/usr/local/java/jdk1.8.0_211/bin
SHELL=/bin/bash
DISPLAY=:0.0

Signal Handlers:
SIGSEGV: [libjvm.so+0xad3d90], sa_mask[0]=11111111011111111101111111111110, sa_flags=SA_RESTART|SA_SIGINFO
SIGBUS: [libjvm.so+0xad3d90], sa_mask[0]=11111111011111111101111111111110, sa_flags=SA_RESTART|SA_SIGINFO
SIGFPE: [libjvm.so+0x90b8b0], sa_mask[0]=11111111011111111101111111111110, sa_flags=SA_RESTART|SA_SIGINFO
SIGPIPE: SIG_IGN, sa_mask[0]=00000000000010000000000000000000, sa_flags=SA_RESTART
SIGXFSZ: [libjvm.so+0x90b8b0], sa_mask[0]=11111111011111111101111111111110, sa_flags=SA_RESTART|SA_SIGINFO
SIGILL: [libjvm.so+0x90b8b0], sa_mask[0]=11111111011111111101111111111110, sa_flags=SA_RESTART|SA_SIGINFO
SIGUSR1: SIG_DFL, sa_mask[0]=00000000000000000000000000000000, sa_flags=none
SIGUSR2: [libjvm.so+0x90b780], sa_mask[0]=00100000000000000000000000000000, sa_flags=SA_RESTART|SA_SIGINFO
SIGHUP: [libjvm.so+0x90bda0], sa_mask[0]=11111111011111111101111111111110, sa_flags=SA_RESTART|SA_SIGINFO
SIGINT: SIG_IGN, sa_mask[0]=00000000000000000000000000000000, sa_flags=none
SIGTERM: [libjvm.so+0x90bda0], sa_mask[0]=11111111011111111101111111111110, sa_flags=SA_RESTART|SA_SIGINFO
SIGQUIT: [libjvm.so+0x90bda0], sa_mask[0]=11111111011111111101111111111110, sa_flags=SA_RESTART|SA_SIGINFO


---------------  S Y S T E M  ---------------

OS:DISTRIB_ID=LinuxMint
DISTRIB_RELEASE=19.1
DISTRIB_CODENAME=tessa
DISTRIB_DESCRIPTION="Linux Mint 19.1 Tessa"

uname:Linux 4.15.0-52-generic #56-Ubuntu SMP Tue Jun 4 22:49:08 UTC 2019 x86_64
libc:glibc 2.27 NPTL 2.27 
rlimit: STACK 8192k, CORE 0k, NPROC 7030, NOFILE 1048576, AS infinity
load average:1,51 0,95 0,78

/proc/meminfo:
MemTotal:        1865352 kB
MemFree:          100268 kB
MemAvailable:      15628 kB
Buffers:             776 kB
Cached:           173488 kB
SwapCached:            0 kB
Active:          1469472 kB
Inactive:         159888 kB
Active(anon):    1456124 kB
Inactive(anon):   151988 kB
Active(file):      13348 kB
Inactive(file):     7900 kB
Unevictable:          64 kB
Mlocked:              64 kB
SwapTotal:             0 kB
SwapFree:              0 kB
Dirty:               128 kB
Writeback:             0 kB
AnonPages:       1455304 kB
Mapped:            73676 kB
Shmem:            152872 kB
Slab:              54836 kB
SReclaimable:      26176 kB
SUnreclaim:        28660 kB
KernelStack:        5712 kB
PageTables:        26640 kB
NFS_Unstable:          0 kB
Bounce:                0 kB
WritebackTmp:          0 kB
CommitLimit:      932676 kB
Committed_AS:    3281060 kB
VmallocTotal:   34359738367 kB
VmallocUsed:           0 kB
VmallocChunk:          0 kB
HardwareCorrupted:     0 kB
AnonHugePages:         0 kB
ShmemHugePages:        0 kB
ShmemPmdMapped:        0 kB
CmaTotal:              0 kB
CmaFree:               0 kB
HugePages_Total:       0
HugePages_Free:        0
HugePages_Rsvd:        0
HugePages_Surp:        0
Hugepagesize:       2048 kB
DirectMap4k:      123100 kB
DirectMap2M:     1865728 kB

container (cgroup) information:
container_type: cgroupv1
cpu_cpuset_cpus: 0-1
cpu_memory_nodes: 0
active_processor_count: 2
cpu_quota: -1
cpu_period: 100000
cpu_shares: -1
memory_limit_in_bytes: -1
memory_and_swap_limit_in_bytes: -2
memory_soft_limit_in_bytes: -1
memory_usage_in_bytes: 1669091328
memory_max_usage_in_bytes: 0


CPU:total 2 (initial active 2) (2 cores per cpu, 1 threads per core) family 6 model 58 stepping 9, cmov, cx8, fxsr, mmx, sse, sse2, sse3, ssse3, sse4.1, sse4.2, popcnt, clmul, erms, tsc, tscinvbit, tscinv

/proc/cpuinfo:
processor	: 0
vendor_id	: GenuineIntel
cpu family	: 6
model		: 58
model name	: Intel(R) Celeron(R) CPU 1007U @ 1.50GHz
stepping	: 9
microcode	: 0x21
cpu MHz		: 815.060
cache size	: 2048 KB
physical id	: 0
siblings	: 2
core id		: 0
cpu cores	: 2
apicid		: 0
initial apicid	: 0
fpu		: yes
fpu_exception	: yes
cpuid level	: 13
wp		: yes
flags		: fpu vme de pse tsc msr pae mce cx8 apic sep mtrr pge mca cmov pat pse36 clflush dts acpi mmx fxsr sse sse2 ss ht tm pbe syscall nx rdtscp lm constant_tsc arch_perfmon pebs bts rep_good nopl xtopology nonstop_tsc cpuid aperfmperf pni pclmulqdq dtes64 monitor ds_cpl vmx est tm2 ssse3 cx16 xtpr pdcm pcid sse4_1 sse4_2 x2apic popcnt tsc_deadline_timer xsave lahf_lm cpuid_fault epb pti ssbd ibrs ibpb stibp tpr_shadow vnmi flexpriority ept vpid fsgsbase smep erms xsaveopt dtherm arat pln pts md_clear flush_l1d
bugs		: cpu_meltdown spectre_v1 spectre_v2 spec_store_bypass l1tf mds
bogomips	: 2993.06
clflush size	: 64
cache_alignment	: 64
address sizes	: 36 bits physical, 48 bits virtual
power management:

processor	: 1
vendor_id	: GenuineIntel
cpu family	: 6
model		: 58
model name	: Intel(R) Celeron(R) CPU 1007U @ 1.50GHz
stepping	: 9
microcode	: 0x21
cpu MHz		: 991.940
cache size	: 2048 KB
physical id	: 0
siblings	: 2
core id		: 1
cpu cores	: 2
apicid		: 2
initial apicid	: 2
fpu		: yes
fpu_exception	: yes
cpuid level	: 13
wp		: yes
flags		: fpu vme de pse tsc msr pae mce cx8 apic sep mtrr pge mca cmov pat pse36 clflush dts acpi mmx fxsr sse sse2 ss ht tm pbe syscall nx rdtscp lm constant_tsc arch_perfmon pebs bts rep_good nopl xtopology nonstop_tsc cpuid aperfmperf pni pclmulqdq dtes64 monitor ds_cpl vmx est tm2 ssse3 cx16 xtpr pdcm pcid sse4_1 sse4_2 x2apic popcnt tsc_deadline_timer xsave lahf_lm cpuid_fault epb pti ssbd ibrs ibpb stibp tpr_shadow vnmi flexpriority ept vpid fsgsbase smep erms xsaveopt dtherm arat pln pts md_clear flush_l1d
bugs		: cpu_meltdown spectre_v1 spectre_v2 spec_store_bypass l1tf mds
bogomips	: 2993.06
clflush size	: 64
cache_alignment	: 64
address sizes	: 36 bits physical, 48 bits virtual
power management:



Memory: 4k page, physical 1865352k(99896k free), swap 0k(0k free)

vm_info: Java HotSpot(TM) 64-Bit Server VM (25.211-b12) for linux-amd64 JRE (1.8.0_211-b12), built on Apr  1 2019 20:39:34 by "java_re" with gcc 7.3.0

time: Tue Jun 18 18:42:16 2019
timezone: -03
elapsed time: 51 seconds (0d 0h 0m 51s)

